{"/home/rezk/embedded-llm-assistant/embedded-ai-assistant/backend/src/config/runtime.js": {"path":"/home/rezk/embedded-llm-assistant/embedded-ai-assistant/backend/src/config/runtime.js","statementMap":{"0":{"start":{"line":1,"column":13},"end":{"line":1,"column":28}},"1":{"start":{"line":4,"column":17},"end":{"line":4,"column":30}},"2":{"start":{"line":5,"column":2},"end":{"line":5,"column":53}},"3":{"start":{"line":8,"column":15},"end":{"line":8,"column":44}},"4":{"start":{"line":10,"column":0},"end":{"line":52,"column":2}}},"fnMap":{"0":{"name":"toNumber","decl":{"start":{"line":3,"column":9},"end":{"line":3,"column":17}},"loc":{"start":{"line":3,"column":35},"end":{"line":6,"column":1}},"line":3}},"branchMap":{"0":{"loc":{"start":{"line":5,"column":9},"end":{"line":5,"column":52}},"type":"cond-expr","locations":[{"start":{"line":5,"column":35},"end":{"line":5,"column":41}},{"start":{"line":5,"column":44},"end":{"line":5,"column":52}}],"line":5},"1":{"loc":{"start":{"line":8,"column":15},"end":{"line":8,"column":44}},"type":"binary-expr","locations":[{"start":{"line":8,"column":15},"end":{"line":8,"column":34}},{"start":{"line":8,"column":38},"end":{"line":8,"column":44}}],"line":8},"2":{"loc":{"start":{"line":13,"column":13},"end":{"line":13,"column":85}},"type":"binary-expr","locations":[{"start":{"line":13,"column":13},"end":{"line":13,"column":33}},{"start":{"line":13,"column":37},"end":{"line":13,"column":85}}],"line":13},"3":{"loc":{"start":{"line":16,"column":13},"end":{"line":16,"column":65}},"type":"binary-expr","locations":[{"start":{"line":16,"column":13},"end":{"line":16,"column":37}},{"start":{"line":16,"column":41},"end":{"line":16,"column":65}}],"line":16},"4":{"loc":{"start":{"line":18,"column":18},"end":{"line":18,"column":86}},"type":"binary-expr","locations":[{"start":{"line":18,"column":18},"end":{"line":18,"column":47}},{"start":{"line":18,"column":51},"end":{"line":18,"column":86}}],"line":18},"5":{"loc":{"start":{"line":24,"column":19},"end":{"line":24,"column":56}},"type":"binary-expr","locations":[{"start":{"line":24,"column":19},"end":{"line":24,"column":50}},{"start":{"line":24,"column":54},"end":{"line":24,"column":56}}],"line":24},"6":{"loc":{"start":{"line":26,"column":6},"end":{"line":33,"column":17}},"type":"binary-expr","locations":[{"start":{"line":26,"column":6},"end":{"line":26,"column":42}},{"start":{"line":27,"column":6},"end":{"line":33,"column":17}}],"line":26},"7":{"loc":{"start":{"line":36,"column":16},"end":{"line":36,"column":65}},"type":"binary-expr","locations":[{"start":{"line":36,"column":16},"end":{"line":36,"column":39}},{"start":{"line":36,"column":43},"end":{"line":36,"column":65}}],"line":36},"8":{"loc":{"start":{"line":37,"column":18},"end":{"line":37,"column":83}},"type":"binary-expr","locations":[{"start":{"line":37,"column":18},"end":{"line":37,"column":43}},{"start":{"line":37,"column":47},"end":{"line":37,"column":83}}],"line":37},"9":{"loc":{"start":{"line":42,"column":14},"end":{"line":42,"column":55}},"type":"binary-expr","locations":[{"start":{"line":42,"column":14},"end":{"line":42,"column":35}},{"start":{"line":42,"column":39},"end":{"line":42,"column":55}}],"line":42},"10":{"loc":{"start":{"line":43,"column":18},"end":{"line":43,"column":86}},"type":"binary-expr","locations":[{"start":{"line":43,"column":18},"end":{"line":43,"column":41}},{"start":{"line":43,"column":45},"end":{"line":43,"column":86}}],"line":43},"11":{"loc":{"start":{"line":44,"column":14},"end":{"line":44,"column":64}},"type":"binary-expr","locations":[{"start":{"line":44,"column":14},"end":{"line":44,"column":41}},{"start":{"line":44,"column":45},"end":{"line":44,"column":64}}],"line":44},"12":{"loc":{"start":{"line":45,"column":16},"end":{"line":45,"column":51}},"type":"binary-expr","locations":[{"start":{"line":45,"column":16},"end":{"line":45,"column":45}},{"start":{"line":45,"column":49},"end":{"line":45,"column":51}}],"line":45},"13":{"loc":{"start":{"line":50,"column":9},"end":{"line":50,"column":79}},"type":"binary-expr","locations":[{"start":{"line":50,"column":9},"end":{"line":50,"column":31}},{"start":{"line":50,"column":35},"end":{"line":50,"column":79}}],"line":50}},"s":{"0":3,"1":27,"2":27,"3":3,"4":3},"f":{"0":27},"b":{"0":[1,26],"1":[3,3],"2":[3,3],"3":[3,2],"4":[3,2],"5":[3,3],"6":[3,3],"7":[3,2],"8":[3,2],"9":[3,2],"10":[3,2],"11":[3,3],"12":[3,3],"13":[3,3]},"_coverageSchema":"1a1c01bbd47fc00a2c39e90264f33305004495a9","hash":"0dc3af5253d578a203e2951db5ea4b2a0aa22e10"}
,"/home/rezk/embedded-llm-assistant/embedded-ai-assistant/backend/src/middleware/validate.js": {"path":"/home/rezk/embedded-llm-assistant/embedded-ai-assistant/backend/src/middleware/validate.js","statementMap":{"0":{"start":{"line":1,"column":35},"end":{"line":1,"column":63}},"1":{"start":{"line":3,"column":25},"end":{"line":9,"column":1}},"2":{"start":{"line":4,"column":17},"end":{"line":4,"column":38}},"3":{"start":{"line":5,"column":2},"end":{"line":7,"column":3}},"4":{"start":{"line":6,"column":4},"end":{"line":6,"column":113}},"5":{"start":{"line":8,"column":2},"end":{"line":8,"column":16}},"6":{"start":{"line":11,"column":19},"end":{"line":15,"column":1}},"7":{"start":{"line":17,"column":20},"end":{"line":26,"column":1}},"8":{"start":{"line":28,"column":17},"end":{"line":31,"column":1}},"9":{"start":{"line":33,"column":0},"end":{"line":35,"column":2}}},"fnMap":{"0":{"name":"(anonymous_0)","decl":{"start":{"line":3,"column":25},"end":{"line":3,"column":26}},"loc":{"start":{"line":3,"column":45},"end":{"line":9,"column":1}},"line":3}},"branchMap":{"0":{"loc":{"start":{"line":5,"column":2},"end":{"line":7,"column":3}},"type":"if","locations":[{"start":{"line":5,"column":2},"end":{"line":7,"column":3}},{"start":{},"end":{}}],"line":5}},"s":{"0":1,"1":1,"2":2,"3":2,"4":1,"5":1,"6":1,"7":1,"8":1,"9":1},"f":{"0":2},"b":{"0":[1,1]},"_coverageSchema":"1a1c01bbd47fc00a2c39e90264f33305004495a9","hash":"42012637753f0e7f7906267e6775b01736a354df"}
,"/home/rezk/embedded-llm-assistant/embedded-ai-assistant/backend/src/services/llmService.js": {"path":"/home/rezk/embedded-llm-assistant/embedded-ai-assistant/backend/src/services/llmService.js","statementMap":{"0":{"start":{"line":1,"column":14},"end":{"line":1,"column":30}},"1":{"start":{"line":2,"column":16},"end":{"line":2,"column":44}},"2":{"start":{"line":4,"column":16},"end":{"line":4,"column":35}},"3":{"start":{"line":5,"column":16},"end":{"line":5,"column":37}},"4":{"start":{"line":6,"column":21},"end":{"line":6,"column":45}},"5":{"start":{"line":7,"column":30},"end":{"line":7,"column":67}},"6":{"start":{"line":10,"column":2},"end":{"line":12,"column":3}},"7":{"start":{"line":11,"column":4},"end":{"line":11,"column":21}},"8":{"start":{"line":14,"column":2},"end":{"line":19,"column":3}},"9":{"start":{"line":15,"column":19},"end":{"line":15,"column":56}},"10":{"start":{"line":16,"column":4},"end":{"line":16,"column":69}},"11":{"start":{"line":18,"column":4},"end":{"line":18,"column":21}},"12":{"start":{"line":23,"column":29},"end":{"line":25,"column":10}},"13":{"start":{"line":27,"column":19},"end":{"line":29,"column":3}},"14":{"start":{"line":31,"column":2},"end":{"line":33,"column":3}},"15":{"start":{"line":32,"column":4},"end":{"line":32,"column":67}},"16":{"start":{"line":35,"column":2},"end":{"line":35,"column":51}},"17":{"start":{"line":36,"column":2},"end":{"line":36,"column":18}},"18":{"start":{"line":40,"column":20},"end":{"line":40,"column":36}},"19":{"start":{"line":42,"column":2},"end":{"line":54,"column":4}},"20":{"start":{"line":57,"column":15},"end":{"line":60,"column":2}},"21":{"start":{"line":62,"column":21},"end":{"line":62,"column":22}},"22":{"start":{"line":63,"column":23},"end":{"line":63,"column":24}},"23":{"start":{"line":64,"column":14},"end":{"line":64,"column":16}},"24":{"start":{"line":67,"column":2},"end":{"line":72,"column":3}},"25":{"start":{"line":68,"column":21},"end":{"line":68,"column":34}},"26":{"start":{"line":69,"column":4},"end":{"line":69,"column":15}},"27":{"start":{"line":71,"column":4},"end":{"line":71,"column":53}},"28":{"start":{"line":76,"column":2},"end":{"line":87,"column":5}},"29":{"start":{"line":77,"column":4},"end":{"line":86,"column":5}},"30":{"start":{"line":78,"column":6},"end":{"line":78,"column":23}},"31":{"start":{"line":79,"column":6},"end":{"line":79,"column":16}},"32":{"start":{"line":80,"column":11},"end":{"line":86,"column":5}},"33":{"start":{"line":81,"column":18},"end":{"line":81,"column":57}},"34":{"start":{"line":82,"column":6},"end":{"line":82,"column":23}},"35":{"start":{"line":83,"column":6},"end":{"line":83,"column":18}},"36":{"start":{"line":85,"column":6},"end":{"line":85,"column":26}},"37":{"start":{"line":91,"column":18},"end":{"line":91,"column":54}},"38":{"start":{"line":92,"column":2},"end":{"line":96,"column":3}},"39":{"start":{"line":93,"column":4},"end":{"line":93,"column":43}},"40":{"start":{"line":95,"column":4},"end":{"line":95,"column":42}},"41":{"start":{"line":97,"column":2},"end":{"line":97,"column":17}},"42":{"start":{"line":101,"column":14},"end":{"line":101,"column":32}},"43":{"start":{"line":102,"column":20},"end":{"line":105,"column":11}},"44":{"start":{"line":107,"column":2},"end":{"line":109,"column":3}},"45":{"start":{"line":108,"column":4},"end":{"line":108,"column":21}},"46":{"start":{"line":111,"column":2},"end":{"line":111,"column":54}},"47":{"start":{"line":115,"column":18},"end":{"line":115,"column":28}},"48":{"start":{"line":116,"column":18},"end":{"line":116,"column":61}},"49":{"start":{"line":118,"column":2},"end":{"line":118,"column":23}},"50":{"start":{"line":119,"column":2},"end":{"line":135,"column":3}},"51":{"start":{"line":120,"column":26},"end":{"line":120,"column":81}},"52":{"start":{"line":121,"column":21},"end":{"line":123,"column":58}},"53":{"start":{"line":124,"column":20},"end":{"line":124,"column":71}},"54":{"start":{"line":126,"column":4},"end":{"line":130,"column":6}},"55":{"start":{"line":132,"column":4},"end":{"line":132,"column":43}},"56":{"start":{"line":134,"column":4},"end":{"line":134,"column":19}},"57":{"start":{"line":139,"column":18},"end":{"line":139,"column":60}},"58":{"start":{"line":141,"column":2},"end":{"line":141,"column":23}},"59":{"start":{"line":142,"column":2},"end":{"line":169,"column":3}},"60":{"start":{"line":143,"column":26},"end":{"line":146,"column":5}},"61":{"start":{"line":147,"column":21},"end":{"line":147,"column":86}},"62":{"start":{"line":149,"column":19},"end":{"line":149,"column":24}},"63":{"start":{"line":150,"column":24},"end":{"line":155,"column":5}},"64":{"start":{"line":151,"column":6},"end":{"line":154,"column":7}},"65":{"start":{"line":152,"column":8},"end":{"line":152,"column":24}},"66":{"start":{"line":153,"column":8},"end":{"line":153,"column":23}},"67":{"start":{"line":157,"column":4},"end":{"line":157,"column":41}},"68":{"start":{"line":158,"column":4},"end":{"line":158,"column":43}},"69":{"start":{"line":159,"column":4},"end":{"line":159,"column":43}},"70":{"start":{"line":161,"column":4},"end":{"line":163,"column":5}},"71":{"start":{"line":162,"column":6},"end":{"line":162,"column":60}},"72":{"start":{"line":165,"column":4},"end":{"line":165,"column":20}},"73":{"start":{"line":167,"column":4},"end":{"line":167,"column":19}},"74":{"start":{"line":168,"column":4},"end":{"line":168,"column":43}},"75":{"start":{"line":173,"column":18},"end":{"line":173,"column":28}},"76":{"start":{"line":174,"column":2},"end":{"line":188,"column":3}},"77":{"start":{"line":175,"column":21},"end":{"line":175,"column":48}},"78":{"start":{"line":176,"column":19},"end":{"line":176,"column":48}},"79":{"start":{"line":177,"column":4},"end":{"line":181,"column":6}},"80":{"start":{"line":183,"column":4},"end":{"line":187,"column":6}},"81":{"start":{"line":192,"column":2},"end":{"line":197,"column":3}},"82":{"start":{"line":193,"column":21},"end":{"line":193,"column":51}},"83":{"start":{"line":194,"column":4},"end":{"line":194,"column":72}},"84":{"start":{"line":196,"column":4},"end":{"line":196,"column":43}},"85":{"start":{"line":200,"column":0},"end":{"line":205,"column":2}}},"fnMap":{"0":{"name":"parseLogitBias","decl":{"start":{"line":9,"column":9},"end":{"line":9,"column":23}},"loc":{"start":{"line":9,"column":26},"end":{"line":20,"column":1}},"line":9},"1":{"name":"buildMessages","decl":{"start":{"line":22,"column":9},"end":{"line":22,"column":22}},"loc":{"start":{"line":22,"column":45},"end":{"line":37,"column":1}},"line":22},"2":{"name":"buildPayload","decl":{"start":{"line":39,"column":9},"end":{"line":39,"column":21}},"loc":{"start":{"line":39,"column":67},"end":{"line":55,"column":1}},"line":39},"3":{"name":"releaseQueue","decl":{"start":{"line":66,"column":9},"end":{"line":66,"column":21}},"loc":{"start":{"line":66,"column":24},"end":{"line":73,"column":1}},"line":66},"4":{"name":"acquireQueue","decl":{"start":{"line":75,"column":9},"end":{"line":75,"column":21}},"loc":{"start":{"line":75,"column":24},"end":{"line":88,"column":1}},"line":75},"5":{"name":"(anonymous_5)","decl":{"start":{"line":76,"column":21},"end":{"line":76,"column":22}},"loc":{"start":{"line":76,"column":42},"end":{"line":87,"column":3}},"line":76},"6":{"name":"createLlmUnavailableError","decl":{"start":{"line":90,"column":9},"end":{"line":90,"column":34}},"loc":{"start":{"line":90,"column":42},"end":{"line":98,"column":1}},"line":90},"7":{"name":"normalizeAsciiResponse","decl":{"start":{"line":100,"column":9},"end":{"line":100,"column":31}},"loc":{"start":{"line":100,"column":38},"end":{"line":112,"column":1}},"line":100},"8":{"name":"chat","decl":{"start":{"line":114,"column":15},"end":{"line":114,"column":19}},"loc":{"start":{"line":114,"column":64},"end":{"line":136,"column":1}},"line":114},"9":{"name":"streamChat","decl":{"start":{"line":138,"column":15},"end":{"line":138,"column":25}},"loc":{"start":{"line":138,"column":70},"end":{"line":170,"column":1}},"line":138},"10":{"name":"(anonymous_10)","decl":{"start":{"line":150,"column":24},"end":{"line":150,"column":25}},"loc":{"start":{"line":150,"column":30},"end":{"line":155,"column":5}},"line":150},"11":{"name":"ping","decl":{"start":{"line":172,"column":15},"end":{"line":172,"column":19}},"loc":{"start":{"line":172,"column":22},"end":{"line":189,"column":1}},"line":172},"12":{"name":"listModels","decl":{"start":{"line":191,"column":15},"end":{"line":191,"column":25}},"loc":{"start":{"line":191,"column":28},"end":{"line":198,"column":1}},"line":191}},"branchMap":{"0":{"loc":{"start":{"line":10,"column":2},"end":{"line":12,"column":3}},"type":"if","locations":[{"start":{"line":10,"column":2},"end":{"line":12,"column":3}},{"start":{},"end":{}}],"line":10},"1":{"loc":{"start":{"line":16,"column":11},"end":{"line":16,"column":68}},"type":"cond-expr","locations":[{"start":{"line":16,"column":50},"end":{"line":16,"column":56}},{"start":{"line":16,"column":59},"end":{"line":16,"column":68}}],"line":16},"2":{"loc":{"start":{"line":16,"column":11},"end":{"line":16,"column":47}},"type":"binary-expr","locations":[{"start":{"line":16,"column":11},"end":{"line":16,"column":17}},{"start":{"line":16,"column":21},"end":{"line":16,"column":47}}],"line":16},"3":{"loc":{"start":{"line":22,"column":31},"end":{"line":22,"column":43}},"type":"default-arg","locations":[{"start":{"line":22,"column":41},"end":{"line":22,"column":43}}],"line":22},"4":{"loc":{"start":{"line":24,"column":4},"end":{"line":24,"column":55}},"type":"binary-expr","locations":[{"start":{"line":24,"column":4},"end":{"line":24,"column":24}},{"start":{"line":24,"column":28},"end":{"line":24,"column":49}},{"start":{"line":24,"column":53},"end":{"line":24,"column":55}}],"line":24},"5":{"loc":{"start":{"line":31,"column":2},"end":{"line":33,"column":3}},"type":"if","locations":[{"start":{"line":31,"column":2},"end":{"line":33,"column":3}},{"start":{},"end":{}}],"line":31},"6":{"loc":{"start":{"line":31,"column":6},"end":{"line":31,"column":72}},"type":"binary-expr","locations":[{"start":{"line":31,"column":6},"end":{"line":31,"column":24}},{"start":{"line":31,"column":28},"end":{"line":31,"column":72}}],"line":31},"7":{"loc":{"start":{"line":39,"column":37},"end":{"line":39,"column":49}},"type":"default-arg","locations":[{"start":{"line":39,"column":47},"end":{"line":39,"column":49}}],"line":39},"8":{"loc":{"start":{"line":39,"column":51},"end":{"line":39,"column":65}},"type":"default-arg","locations":[{"start":{"line":39,"column":60},"end":{"line":39,"column":65}}],"line":39},"9":{"loc":{"start":{"line":43,"column":11},"end":{"line":43,"column":32}},"type":"binary-expr","locations":[{"start":{"line":43,"column":11},"end":{"line":43,"column":16}},{"start":{"line":43,"column":20},"end":{"line":43,"column":32}}],"line":43},"10":{"loc":{"start":{"line":45,"column":23},"end":{"line":45,"column":66}},"type":"binary-expr","locations":[{"start":{"line":45,"column":23},"end":{"line":45,"column":41}},{"start":{"line":45,"column":45},"end":{"line":45,"column":66}}],"line":45},"11":{"loc":{"start":{"line":46,"column":24},"end":{"line":46,"column":70}},"type":"binary-expr","locations":[{"start":{"line":46,"column":24},"end":{"line":46,"column":43}},{"start":{"line":46,"column":47},"end":{"line":46,"column":70}}],"line":46},"12":{"loc":{"start":{"line":47,"column":18},"end":{"line":47,"column":51}},"type":"binary-expr","locations":[{"start":{"line":47,"column":18},"end":{"line":47,"column":31}},{"start":{"line":47,"column":35},"end":{"line":47,"column":51}}],"line":47},"13":{"loc":{"start":{"line":48,"column":27},"end":{"line":48,"column":56}},"type":"binary-expr","locations":[{"start":{"line":48,"column":27},"end":{"line":48,"column":49}},{"start":{"line":48,"column":53},"end":{"line":48,"column":56}}],"line":48},"14":{"loc":{"start":{"line":49,"column":17},"end":{"line":49,"column":35}},"type":"binary-expr","locations":[{"start":{"line":49,"column":17},"end":{"line":49,"column":29}},{"start":{"line":49,"column":33},"end":{"line":49,"column":35}}],"line":49},"15":{"loc":{"start":{"line":50,"column":30},"end":{"line":50,"column":87}},"type":"binary-expr","locations":[{"start":{"line":50,"column":30},"end":{"line":50,"column":55}},{"start":{"line":50,"column":59},"end":{"line":50,"column":87}}],"line":50},"16":{"loc":{"start":{"line":51,"column":29},"end":{"line":51,"column":84}},"type":"binary-expr","locations":[{"start":{"line":51,"column":29},"end":{"line":51,"column":53}},{"start":{"line":51,"column":57},"end":{"line":51,"column":84}}],"line":51},"17":{"loc":{"start":{"line":53,"column":8},"end":{"line":53,"column":50}},"type":"cond-expr","locations":[{"start":{"line":53,"column":20},"end":{"line":53,"column":45}},{"start":{"line":53,"column":48},"end":{"line":53,"column":50}}],"line":53},"18":{"loc":{"start":{"line":67,"column":2},"end":{"line":72,"column":3}},"type":"if","locations":[{"start":{"line":67,"column":2},"end":{"line":72,"column":3}},{"start":{"line":70,"column":9},"end":{"line":72,"column":3}}],"line":67},"19":{"loc":{"start":{"line":77,"column":4},"end":{"line":86,"column":5}},"type":"if","locations":[{"start":{"line":77,"column":4},"end":{"line":86,"column":5}},{"start":{"line":80,"column":11},"end":{"line":86,"column":5}}],"line":77},"20":{"loc":{"start":{"line":80,"column":11},"end":{"line":86,"column":5}},"type":"if","locations":[{"start":{"line":80,"column":11},"end":{"line":86,"column":5}},{"start":{"line":84,"column":11},"end":{"line":86,"column":5}}],"line":80},"21":{"loc":{"start":{"line":92,"column":2},"end":{"line":96,"column":3}},"type":"if","locations":[{"start":{"line":92,"column":2},"end":{"line":96,"column":3}},{"start":{"line":94,"column":9},"end":{"line":96,"column":3}}],"line":92},"22":{"loc":{"start":{"line":95,"column":21},"end":{"line":95,"column":41}},"type":"binary-expr","locations":[{"start":{"line":95,"column":21},"end":{"line":95,"column":34}},{"start":{"line":95,"column":38},"end":{"line":95,"column":41}}],"line":95},"23":{"loc":{"start":{"line":101,"column":21},"end":{"line":101,"column":31}},"type":"binary-expr","locations":[{"start":{"line":101,"column":21},"end":{"line":101,"column":25}},{"start":{"line":101,"column":29},"end":{"line":101,"column":31}}],"line":101},"24":{"loc":{"start":{"line":107,"column":2},"end":{"line":109,"column":3}},"type":"if","locations":[{"start":{"line":107,"column":2},"end":{"line":109,"column":3}},{"start":{},"end":{}}],"line":107},"25":{"loc":{"start":{"line":114,"column":28},"end":{"line":114,"column":48}},"type":"default-arg","locations":[{"start":{"line":114,"column":36},"end":{"line":114,"column":48}}],"line":114},"26":{"loc":{"start":{"line":114,"column":50},"end":{"line":114,"column":62}},"type":"default-arg","locations":[{"start":{"line":114,"column":60},"end":{"line":114,"column":62}}],"line":114},"27":{"loc":{"start":{"line":120,"column":26},"end":{"line":120,"column":81}},"type":"cond-expr","locations":[{"start":{"line":120,"column":43},"end":{"line":120,"column":69}},{"start":{"line":120,"column":72},"end":{"line":120,"column":81}}],"line":120},"28":{"loc":{"start":{"line":121,"column":21},"end":{"line":123,"column":58}},"type":"cond-expr","locations":[{"start":{"line":122,"column":8},"end":{"line":122,"column":73}},{"start":{"line":123,"column":8},"end":{"line":123,"column":58}}],"line":121},"29":{"loc":{"start":{"line":124,"column":20},"end":{"line":124,"column":71}},"type":"binary-expr","locations":[{"start":{"line":124,"column":20},"end":{"line":124,"column":65}},{"start":{"line":124,"column":69},"end":{"line":124,"column":71}}],"line":124},"30":{"loc":{"start":{"line":128,"column":13},"end":{"line":128,"column":42}},"type":"binary-expr","locations":[{"start":{"line":128,"column":13},"end":{"line":128,"column":33}},{"start":{"line":128,"column":37},"end":{"line":128,"column":42}}],"line":128},"31":{"loc":{"start":{"line":138,"column":34},"end":{"line":138,"column":54}},"type":"default-arg","locations":[{"start":{"line":138,"column":42},"end":{"line":138,"column":54}}],"line":138},"32":{"loc":{"start":{"line":138,"column":56},"end":{"line":138,"column":68}},"type":"default-arg","locations":[{"start":{"line":138,"column":66},"end":{"line":138,"column":68}}],"line":138},"33":{"loc":{"start":{"line":145,"column":10},"end":{"line":145,"column":58}},"type":"cond-expr","locations":[{"start":{"line":145,"column":27},"end":{"line":145,"column":53}},{"start":{"line":145,"column":56},"end":{"line":145,"column":58}}],"line":145},"34":{"loc":{"start":{"line":151,"column":6},"end":{"line":154,"column":7}},"type":"if","locations":[{"start":{"line":151,"column":6},"end":{"line":154,"column":7}},{"start":{},"end":{}}],"line":151},"35":{"loc":{"start":{"line":161,"column":4},"end":{"line":163,"column":5}},"type":"if","locations":[{"start":{"line":161,"column":4},"end":{"line":163,"column":5}},{"start":{},"end":{}}],"line":161},"36":{"loc":{"start":{"line":176,"column":19},"end":{"line":176,"column":48}},"type":"binary-expr","locations":[{"start":{"line":176,"column":19},"end":{"line":176,"column":40}},{"start":{"line":176,"column":44},"end":{"line":176,"column":48}}],"line":176},"37":{"loc":{"start":{"line":194,"column":11},"end":{"line":194,"column":71}},"type":"cond-expr","locations":[{"start":{"line":194,"column":48},"end":{"line":194,"column":66}},{"start":{"line":194,"column":69},"end":{"line":194,"column":71}}],"line":194}},"s":{"0":1,"1":1,"2":1,"3":1,"4":1,"5":1,"6":1,"7":1,"8":0,"9":0,"10":0,"11":0,"12":1,"13":1,"14":1,"15":0,"16":1,"17":1,"18":1,"19":1,"20":1,"21":1,"22":1,"23":1,"24":1,"25":0,"26":0,"27":1,"28":1,"29":1,"30":1,"31":1,"32":0,"33":0,"34":0,"35":0,"36":0,"37":0,"38":0,"39":0,"40":0,"41":0,"42":1,"43":1,"44":1,"45":1,"46":0,"47":1,"48":1,"49":1,"50":1,"51":1,"52":1,"53":1,"54":1,"55":0,"56":1,"57":0,"58":0,"59":0,"60":0,"61":0,"62":0,"63":0,"64":0,"65":0,"66":0,"67":0,"68":0,"69":0,"70":0,"71":0,"72":0,"73":0,"74":0,"75":1,"76":1,"77":1,"78":1,"79":1,"80":0,"81":1,"82":1,"83":1,"84":0,"85":1},"f":{"0":1,"1":1,"2":1,"3":1,"4":1,"5":1,"6":0,"7":1,"8":1,"9":0,"10":0,"11":1,"12":1},"b":{"0":[1,0],"1":[0,0],"2":[0,0],"3":[0],"4":[1,1,1],"5":[0,1],"6":[1,0],"7":[0],"8":[0],"9":[1,0],"10":[1,1],"11":[1,1],"12":[1,1],"13":[1,1],"14":[1,1],"15":[1,1],"16":[1,1],"17":[0,1],"18":[0,1],"19":[1,0],"20":[0,0],"21":[0,0],"22":[0,0],"23":[1,0],"24":[1,0],"25":[1],"26":[1],"27":[0,1],"28":[0,1],"29":[1,0],"30":[1,0],"31":[0],"32":[0],"33":[0,0],"34":[0,0],"35":[0,0],"36":[1,0],"37":[1,0]},"_coverageSchema":"1a1c01bbd47fc00a2c39e90264f33305004495a9","hash":"7cf76a3944068d139ee1ee8af89099ee8de51762"}
,"/home/rezk/embedded-llm-assistant/embedded-ai-assistant/backend/src/services/sttService.js": {"path":"/home/rezk/embedded-llm-assistant/embedded-ai-assistant/backend/src/services/sttService.js","statementMap":{"0":{"start":{"line":1,"column":11},"end":{"line":1,"column":33}},"1":{"start":{"line":2,"column":15},"end":{"line":2,"column":28}},"2":{"start":{"line":3,"column":18},"end":{"line":3,"column":42}},"3":{"start":{"line":4,"column":13},"end":{"line":4,"column":28}},"4":{"start":{"line":5,"column":15},"end":{"line":5,"column":32}},"5":{"start":{"line":6,"column":16},"end":{"line":6,"column":44}},"6":{"start":{"line":8,"column":19},"end":{"line":8,"column":108}},"7":{"start":{"line":9,"column":21},"end":{"line":9,"column":128}},"8":{"start":{"line":12,"column":2},"end":{"line":45,"column":5}},"9":{"start":{"line":13,"column":18},"end":{"line":13,"column":41}},"10":{"start":{"line":14,"column":17},"end":{"line":14,"column":19}},"11":{"start":{"line":15,"column":19},"end":{"line":15,"column":24}},"12":{"start":{"line":17,"column":18},"end":{"line":20,"column":17}},"13":{"start":{"line":18,"column":6},"end":{"line":18,"column":22}},"14":{"start":{"line":19,"column":6},"end":{"line":19,"column":28}},"15":{"start":{"line":22,"column":4},"end":{"line":24,"column":7}},"16":{"start":{"line":23,"column":6},"end":{"line":23,"column":33}},"17":{"start":{"line":26,"column":4},"end":{"line":29,"column":7}},"18":{"start":{"line":27,"column":6},"end":{"line":27,"column":26}},"19":{"start":{"line":28,"column":6},"end":{"line":28,"column":20}},"20":{"start":{"line":31,"column":4},"end":{"line":44,"column":7}},"21":{"start":{"line":32,"column":6},"end":{"line":32,"column":26}},"22":{"start":{"line":33,"column":6},"end":{"line":36,"column":7}},"23":{"start":{"line":34,"column":8},"end":{"line":34,"column":51}},"24":{"start":{"line":35,"column":8},"end":{"line":35,"column":15}},"25":{"start":{"line":38,"column":6},"end":{"line":41,"column":7}},"26":{"start":{"line":39,"column":8},"end":{"line":39,"column":77}},"27":{"start":{"line":40,"column":8},"end":{"line":40,"column":15}},"28":{"start":{"line":43,"column":6},"end":{"line":43,"column":16}},"29":{"start":{"line":49,"column":26},"end":{"line":49,"column":51}},"30":{"start":{"line":50,"column":21},"end":{"line":50,"column":73}},"31":{"start":{"line":51,"column":25},"end":{"line":51,"column":44}},"32":{"start":{"line":53,"column":2},"end":{"line":53,"column":64}},"33":{"start":{"line":55,"column":2},"end":{"line":68,"column":3}},"34":{"start":{"line":56,"column":4},"end":{"line":59,"column":6}},"35":{"start":{"line":61,"column":17},"end":{"line":61,"column":58}},"36":{"start":{"line":62,"column":4},"end":{"line":62,"column":23}},"37":{"start":{"line":64,"column":4},"end":{"line":67,"column":7}},"38":{"start":{"line":72,"column":17},"end":{"line":72,"column":46}},"39":{"start":{"line":73,"column":16},"end":{"line":73,"column":47}},"40":{"start":{"line":75,"column":2},"end":{"line":79,"column":4}},"41":{"start":{"line":82,"column":0},"end":{"line":85,"column":2}}},"fnMap":{"0":{"name":"runWhisper","decl":{"start":{"line":11,"column":9},"end":{"line":11,"column":19}},"loc":{"start":{"line":11,"column":37},"end":{"line":46,"column":1}},"line":11},"1":{"name":"(anonymous_1)","decl":{"start":{"line":12,"column":21},"end":{"line":12,"column":22}},"loc":{"start":{"line":12,"column":42},"end":{"line":45,"column":3}},"line":12},"2":{"name":"(anonymous_2)","decl":{"start":{"line":17,"column":29},"end":{"line":17,"column":30}},"loc":{"start":{"line":17,"column":35},"end":{"line":20,"column":5}},"line":17},"3":{"name":"(anonymous_3)","decl":{"start":{"line":22,"column":28},"end":{"line":22,"column":29}},"loc":{"start":{"line":22,"column":39},"end":{"line":24,"column":5}},"line":22},"4":{"name":"(anonymous_4)","decl":{"start":{"line":26,"column":22},"end":{"line":26,"column":23}},"loc":{"start":{"line":26,"column":33},"end":{"line":29,"column":5}},"line":26},"5":{"name":"(anonymous_5)","decl":{"start":{"line":31,"column":22},"end":{"line":31,"column":23}},"loc":{"start":{"line":31,"column":32},"end":{"line":44,"column":5}},"line":31},"6":{"name":"transcribe","decl":{"start":{"line":48,"column":15},"end":{"line":48,"column":25}},"loc":{"start":{"line":48,"column":39},"end":{"line":69,"column":1}},"line":48},"7":{"name":"ping","decl":{"start":{"line":71,"column":15},"end":{"line":71,"column":19}},"loc":{"start":{"line":71,"column":22},"end":{"line":80,"column":1}},"line":71}},"branchMap":{"0":{"loc":{"start":{"line":8,"column":32},"end":{"line":8,"column":107}},"type":"binary-expr","locations":[{"start":{"line":8,"column":32},"end":{"line":8,"column":55}},{"start":{"line":8,"column":59},"end":{"line":8,"column":81}},{"start":{"line":8,"column":85},"end":{"line":8,"column":107}}],"line":8},"1":{"loc":{"start":{"line":9,"column":34},"end":{"line":9,"column":127}},"type":"binary-expr","locations":[{"start":{"line":9,"column":34},"end":{"line":9,"column":59}},{"start":{"line":9,"column":63},"end":{"line":9,"column":87}},{"start":{"line":9,"column":91},"end":{"line":9,"column":127}}],"line":9},"2":{"loc":{"start":{"line":33,"column":6},"end":{"line":36,"column":7}},"type":"if","locations":[{"start":{"line":33,"column":6},"end":{"line":36,"column":7}},{"start":{},"end":{}}],"line":33},"3":{"loc":{"start":{"line":38,"column":6},"end":{"line":41,"column":7}},"type":"if","locations":[{"start":{"line":38,"column":6},"end":{"line":41,"column":7}},{"start":{},"end":{}}],"line":38},"4":{"loc":{"start":{"line":76,"column":8},"end":{"line":76,"column":23}},"type":"binary-expr","locations":[{"start":{"line":76,"column":8},"end":{"line":76,"column":14}},{"start":{"line":76,"column":18},"end":{"line":76,"column":23}}],"line":76}},"s":{"0":1,"1":1,"2":1,"3":1,"4":1,"5":1,"6":1,"7":1,"8":2,"9":2,"10":2,"11":2,"12":2,"13":0,"14":0,"15":2,"16":0,"17":2,"18":0,"19":0,"20":2,"21":2,"22":2,"23":0,"24":0,"25":2,"26":1,"27":1,"28":1,"29":2,"30":2,"31":2,"32":2,"33":2,"34":2,"35":1,"36":1,"37":2,"38":1,"39":1,"40":1,"41":1},"f":{"0":2,"1":2,"2":0,"3":0,"4":0,"5":2,"6":2,"7":1},"b":{"0":[1,0,0],"1":[1,0,0],"2":[0,2],"3":[1,1],"4":[1,1]},"_coverageSchema":"1a1c01bbd47fc00a2c39e90264f33305004495a9","hash":"e4ad74bc4694816dbc83ddcd40dde4ac09983b1f"}
,"/home/rezk/embedded-llm-assistant/embedded-ai-assistant/backend/src/services/ttsService.js": {"path":"/home/rezk/embedded-llm-assistant/embedded-ai-assistant/backend/src/services/ttsService.js","statementMap":{"0":{"start":{"line":1,"column":11},"end":{"line":1,"column":33}},"1":{"start":{"line":2,"column":15},"end":{"line":2,"column":28}},"2":{"start":{"line":3,"column":18},"end":{"line":3,"column":42}},"3":{"start":{"line":4,"column":13},"end":{"line":4,"column":28}},"4":{"start":{"line":5,"column":15},"end":{"line":5,"column":32}},"5":{"start":{"line":6,"column":16},"end":{"line":6,"column":44}},"6":{"start":{"line":8,"column":17},"end":{"line":8,"column":96}},"7":{"start":{"line":9,"column":21},"end":{"line":9,"column":131}},"8":{"start":{"line":12,"column":2},"end":{"line":14,"column":3}},"9":{"start":{"line":13,"column":4},"end":{"line":13,"column":24}},"10":{"start":{"line":16,"column":2},"end":{"line":18,"column":3}},"11":{"start":{"line":17,"column":4},"end":{"line":17,"column":35}},"12":{"start":{"line":20,"column":19},"end":{"line":20,"column":107}},"13":{"start":{"line":21,"column":2},"end":{"line":21,"column":64}},"14":{"start":{"line":25,"column":2},"end":{"line":61,"column":5}},"15":{"start":{"line":26,"column":18},"end":{"line":26,"column":86}},"16":{"start":{"line":27,"column":17},"end":{"line":27,"column":19}},"17":{"start":{"line":28,"column":19},"end":{"line":28,"column":24}},"18":{"start":{"line":30,"column":18},"end":{"line":33,"column":29}},"19":{"start":{"line":31,"column":6},"end":{"line":31,"column":22}},"20":{"start":{"line":32,"column":6},"end":{"line":32,"column":28}},"21":{"start":{"line":35,"column":4},"end":{"line":37,"column":7}},"22":{"start":{"line":36,"column":6},"end":{"line":36,"column":33}},"23":{"start":{"line":39,"column":4},"end":{"line":42,"column":7}},"24":{"start":{"line":40,"column":6},"end":{"line":40,"column":26}},"25":{"start":{"line":41,"column":6},"end":{"line":41,"column":20}},"26":{"start":{"line":44,"column":4},"end":{"line":57,"column":7}},"27":{"start":{"line":45,"column":6},"end":{"line":45,"column":26}},"28":{"start":{"line":46,"column":6},"end":{"line":49,"column":7}},"29":{"start":{"line":47,"column":8},"end":{"line":47,"column":45}},"30":{"start":{"line":48,"column":8},"end":{"line":48,"column":15}},"31":{"start":{"line":51,"column":6},"end":{"line":54,"column":7}},"32":{"start":{"line":52,"column":8},"end":{"line":52,"column":71}},"33":{"start":{"line":53,"column":8},"end":{"line":53,"column":15}},"34":{"start":{"line":56,"column":6},"end":{"line":56,"column":16}},"35":{"start":{"line":59,"column":4},"end":{"line":59,"column":36}},"36":{"start":{"line":60,"column":4},"end":{"line":60,"column":22}},"37":{"start":{"line":65,"column":21},"end":{"line":65,"column":77}},"38":{"start":{"line":66,"column":20},"end":{"line":66,"column":47}},"39":{"start":{"line":68,"column":2},"end":{"line":68,"column":64}},"40":{"start":{"line":70,"column":2},"end":{"line":81,"column":3}},"41":{"start":{"line":71,"column":4},"end":{"line":71,"column":48}},"42":{"start":{"line":72,"column":19},"end":{"line":72,"column":48}},"43":{"start":{"line":74,"column":4},"end":{"line":76,"column":5}},"44":{"start":{"line":75,"column":6},"end":{"line":75,"column":50}},"45":{"start":{"line":78,"column":4},"end":{"line":78,"column":18}},"46":{"start":{"line":80,"column":4},"end":{"line":80,"column":48}},"47":{"start":{"line":85,"column":20},"end":{"line":85,"column":38}},"48":{"start":{"line":86,"column":17},"end":{"line":86,"column":44}},"49":{"start":{"line":87,"column":16},"end":{"line":87,"column":44}},"50":{"start":{"line":88,"column":20},"end":{"line":88,"column":58}},"51":{"start":{"line":90,"column":2},"end":{"line":95,"column":4}},"52":{"start":{"line":98,"column":0},"end":{"line":101,"column":2}}},"fnMap":{"0":{"name":"resolveVoicePath","decl":{"start":{"line":11,"column":9},"end":{"line":11,"column":25}},"loc":{"start":{"line":11,"column":37},"end":{"line":22,"column":1}},"line":11},"1":{"name":"runPiper","decl":{"start":{"line":24,"column":9},"end":{"line":24,"column":17}},"loc":{"start":{"line":24,"column":47},"end":{"line":62,"column":1}},"line":24},"2":{"name":"(anonymous_2)","decl":{"start":{"line":25,"column":21},"end":{"line":25,"column":22}},"loc":{"start":{"line":25,"column":42},"end":{"line":61,"column":3}},"line":25},"3":{"name":"(anonymous_3)","decl":{"start":{"line":30,"column":29},"end":{"line":30,"column":30}},"loc":{"start":{"line":30,"column":35},"end":{"line":33,"column":5}},"line":30},"4":{"name":"(anonymous_4)","decl":{"start":{"line":35,"column":28},"end":{"line":35,"column":29}},"loc":{"start":{"line":35,"column":39},"end":{"line":37,"column":5}},"line":35},"5":{"name":"(anonymous_5)","decl":{"start":{"line":39,"column":22},"end":{"line":39,"column":23}},"loc":{"start":{"line":39,"column":33},"end":{"line":42,"column":5}},"line":39},"6":{"name":"(anonymous_6)","decl":{"start":{"line":44,"column":22},"end":{"line":44,"column":23}},"loc":{"start":{"line":44,"column":32},"end":{"line":57,"column":5}},"line":44},"7":{"name":"synthesize","decl":{"start":{"line":64,"column":15},"end":{"line":64,"column":25}},"loc":{"start":{"line":64,"column":43},"end":{"line":82,"column":1}},"line":64},"8":{"name":"(anonymous_8)","decl":{"start":{"line":80,"column":38},"end":{"line":80,"column":39}},"loc":{"start":{"line":80,"column":44},"end":{"line":80,"column":46}},"line":80},"9":{"name":"ping","decl":{"start":{"line":84,"column":15},"end":{"line":84,"column":19}},"loc":{"start":{"line":84,"column":22},"end":{"line":96,"column":1}},"line":84}},"branchMap":{"0":{"loc":{"start":{"line":8,"column":30},"end":{"line":8,"column":95}},"type":"binary-expr","locations":[{"start":{"line":8,"column":30},"end":{"line":8,"column":51}},{"start":{"line":8,"column":55},"end":{"line":8,"column":75}},{"start":{"line":8,"column":79},"end":{"line":8,"column":95}}],"line":8},"1":{"loc":{"start":{"line":9,"column":34},"end":{"line":9,"column":130}},"type":"binary-expr","locations":[{"start":{"line":9,"column":34},"end":{"line":9,"column":57}},{"start":{"line":9,"column":61},"end":{"line":9,"column":85}},{"start":{"line":9,"column":89},"end":{"line":9,"column":130}}],"line":9},"2":{"loc":{"start":{"line":12,"column":2},"end":{"line":14,"column":3}},"type":"if","locations":[{"start":{"line":12,"column":2},"end":{"line":14,"column":3}},{"start":{},"end":{}}],"line":12},"3":{"loc":{"start":{"line":16,"column":2},"end":{"line":18,"column":3}},"type":"if","locations":[{"start":{"line":16,"column":2},"end":{"line":18,"column":3}},{"start":{},"end":{}}],"line":16},"4":{"loc":{"start":{"line":16,"column":6},"end":{"line":16,"column":63}},"type":"binary-expr","locations":[{"start":{"line":16,"column":6},"end":{"line":16,"column":33}},{"start":{"line":16,"column":37},"end":{"line":16,"column":63}}],"line":16},"5":{"loc":{"start":{"line":20,"column":32},"end":{"line":20,"column":106}},"type":"binary-expr","locations":[{"start":{"line":20,"column":32},"end":{"line":20,"column":59}},{"start":{"line":20,"column":63},"end":{"line":20,"column":83}},{"start":{"line":20,"column":87},"end":{"line":20,"column":106}}],"line":20},"6":{"loc":{"start":{"line":46,"column":6},"end":{"line":49,"column":7}},"type":"if","locations":[{"start":{"line":46,"column":6},"end":{"line":49,"column":7}},{"start":{},"end":{}}],"line":46},"7":{"loc":{"start":{"line":51,"column":6},"end":{"line":54,"column":7}},"type":"if","locations":[{"start":{"line":51,"column":6},"end":{"line":54,"column":7}},{"start":{},"end":{}}],"line":51},"8":{"loc":{"start":{"line":74,"column":4},"end":{"line":76,"column":5}},"type":"if","locations":[{"start":{"line":74,"column":4},"end":{"line":76,"column":5}},{"start":{},"end":{}}],"line":74},"9":{"loc":{"start":{"line":91,"column":8},"end":{"line":91,"column":36}},"type":"binary-expr","locations":[{"start":{"line":91,"column":8},"end":{"line":91,"column":14}},{"start":{"line":91,"column":18},"end":{"line":91,"column":23}},{"start":{"line":91,"column":27},"end":{"line":91,"column":36}}],"line":91}},"s":{"0":1,"1":1,"2":1,"3":1,"4":1,"5":1,"6":1,"7":1,"8":4,"9":4,"10":0,"11":0,"12":0,"13":0,"14":3,"15":3,"16":3,"17":3,"18":3,"19":0,"20":0,"21":3,"22":0,"23":3,"24":0,"25":0,"26":3,"27":3,"28":3,"29":0,"30":0,"31":3,"32":1,"33":1,"34":2,"35":3,"36":3,"37":3,"38":3,"39":3,"40":3,"41":3,"42":2,"43":2,"44":1,"45":1,"46":3,"47":1,"48":1,"49":1,"50":1,"51":1,"52":1},"f":{"0":4,"1":3,"2":3,"3":0,"4":0,"5":0,"6":3,"7":3,"8":0,"9":1},"b":{"0":[1,0,0],"1":[1,0,0],"2":[4,0],"3":[0,0],"4":[0,0],"5":[0,0,0],"6":[0,3],"7":[1,2],"8":[1,1],"9":[1,1,1]},"_coverageSchema":"1a1c01bbd47fc00a2c39e90264f33305004495a9","hash":"43d22d95b5fadc2c004870a4d9eb639eab084d26"}
}
