{"/home/rezk/embedded-llm-assistant/embedded-ai-assistant/backend/src/config/runtime.js": {"path":"/home/rezk/embedded-llm-assistant/embedded-ai-assistant/backend/src/config/runtime.js","statementMap":{"0":{"start":{"line":1,"column":13},"end":{"line":1,"column":28}},"1":{"start":{"line":4,"column":17},"end":{"line":4,"column":30}},"2":{"start":{"line":5,"column":2},"end":{"line":5,"column":53}},"3":{"start":{"line":8,"column":15},"end":{"line":8,"column":44}},"4":{"start":{"line":10,"column":0},"end":{"line":51,"column":2}}},"fnMap":{"0":{"name":"toNumber","decl":{"start":{"line":3,"column":9},"end":{"line":3,"column":17}},"loc":{"start":{"line":3,"column":35},"end":{"line":6,"column":1}},"line":3}},"branchMap":{"0":{"loc":{"start":{"line":5,"column":9},"end":{"line":5,"column":52}},"type":"cond-expr","locations":[{"start":{"line":5,"column":35},"end":{"line":5,"column":41}},{"start":{"line":5,"column":44},"end":{"line":5,"column":52}}],"line":5},"1":{"loc":{"start":{"line":8,"column":15},"end":{"line":8,"column":44}},"type":"binary-expr","locations":[{"start":{"line":8,"column":15},"end":{"line":8,"column":34}},{"start":{"line":8,"column":38},"end":{"line":8,"column":44}}],"line":8},"2":{"loc":{"start":{"line":13,"column":13},"end":{"line":13,"column":85}},"type":"binary-expr","locations":[{"start":{"line":13,"column":13},"end":{"line":13,"column":33}},{"start":{"line":13,"column":37},"end":{"line":13,"column":85}}],"line":13},"3":{"loc":{"start":{"line":16,"column":13},"end":{"line":16,"column":64}},"type":"binary-expr","locations":[{"start":{"line":16,"column":13},"end":{"line":16,"column":37}},{"start":{"line":16,"column":41},"end":{"line":16,"column":64}}],"line":16},"4":{"loc":{"start":{"line":18,"column":18},"end":{"line":18,"column":81}},"type":"binary-expr","locations":[{"start":{"line":18,"column":18},"end":{"line":18,"column":47}},{"start":{"line":18,"column":51},"end":{"line":18,"column":81}}],"line":18},"5":{"loc":{"start":{"line":24,"column":19},"end":{"line":24,"column":56}},"type":"binary-expr","locations":[{"start":{"line":24,"column":19},"end":{"line":24,"column":50}},{"start":{"line":24,"column":54},"end":{"line":24,"column":56}}],"line":24},"6":{"loc":{"start":{"line":26,"column":6},"end":{"line":33,"column":17}},"type":"binary-expr","locations":[{"start":{"line":26,"column":6},"end":{"line":26,"column":42}},{"start":{"line":27,"column":6},"end":{"line":33,"column":17}}],"line":26},"7":{"loc":{"start":{"line":36,"column":16},"end":{"line":36,"column":65}},"type":"binary-expr","locations":[{"start":{"line":36,"column":16},"end":{"line":36,"column":39}},{"start":{"line":36,"column":43},"end":{"line":36,"column":65}}],"line":36},"8":{"loc":{"start":{"line":37,"column":18},"end":{"line":37,"column":83}},"type":"binary-expr","locations":[{"start":{"line":37,"column":18},"end":{"line":37,"column":43}},{"start":{"line":37,"column":47},"end":{"line":37,"column":83}}],"line":37},"9":{"loc":{"start":{"line":42,"column":14},"end":{"line":42,"column":55}},"type":"binary-expr","locations":[{"start":{"line":42,"column":14},"end":{"line":42,"column":35}},{"start":{"line":42,"column":39},"end":{"line":42,"column":55}}],"line":42},"10":{"loc":{"start":{"line":43,"column":18},"end":{"line":43,"column":86}},"type":"binary-expr","locations":[{"start":{"line":43,"column":18},"end":{"line":43,"column":41}},{"start":{"line":43,"column":45},"end":{"line":43,"column":86}}],"line":43},"11":{"loc":{"start":{"line":44,"column":14},"end":{"line":44,"column":64}},"type":"binary-expr","locations":[{"start":{"line":44,"column":14},"end":{"line":44,"column":41}},{"start":{"line":44,"column":45},"end":{"line":44,"column":64}}],"line":44},"12":{"loc":{"start":{"line":49,"column":9},"end":{"line":49,"column":79}},"type":"binary-expr","locations":[{"start":{"line":49,"column":9},"end":{"line":49,"column":31}},{"start":{"line":49,"column":35},"end":{"line":49,"column":79}}],"line":49}},"s":{"0":3,"1":27,"2":27,"3":3,"4":3},"f":{"0":27},"b":{"0":[1,26],"1":[3,3],"2":[3,3],"3":[3,2],"4":[3,2],"5":[3,3],"6":[3,3],"7":[3,2],"8":[3,2],"9":[3,2],"10":[3,2],"11":[3,3],"12":[3,3]},"_coverageSchema":"1a1c01bbd47fc00a2c39e90264f33305004495a9","hash":"67d26ac0e788bd7d01383f8181993d824003ef91"}
,"/home/rezk/embedded-llm-assistant/embedded-ai-assistant/backend/src/middleware/validate.js": {"path":"/home/rezk/embedded-llm-assistant/embedded-ai-assistant/backend/src/middleware/validate.js","statementMap":{"0":{"start":{"line":1,"column":35},"end":{"line":1,"column":63}},"1":{"start":{"line":3,"column":19},"end":{"line":13,"column":1}},"2":{"start":{"line":7,"column":19},"end":{"line":7,"column":40}},"3":{"start":{"line":8,"column":4},"end":{"line":10,"column":5}},"4":{"start":{"line":9,"column":6},"end":{"line":9,"column":115}},"5":{"start":{"line":11,"column":4},"end":{"line":11,"column":18}},"6":{"start":{"line":15,"column":17},"end":{"line":17,"column":1}},"7":{"start":{"line":19,"column":0},"end":{"line":21,"column":2}}},"fnMap":{"0":{"name":"(anonymous_0)","decl":{"start":{"line":6,"column":2},"end":{"line":6,"column":3}},"loc":{"start":{"line":6,"column":22},"end":{"line":12,"column":3}},"line":6}},"branchMap":{"0":{"loc":{"start":{"line":8,"column":4},"end":{"line":10,"column":5}},"type":"if","locations":[{"start":{"line":8,"column":4},"end":{"line":10,"column":5}},{"start":{},"end":{}}],"line":8}},"s":{"0":1,"1":1,"2":2,"3":2,"4":1,"5":1,"6":1,"7":1},"f":{"0":2},"b":{"0":[1,1]},"_coverageSchema":"1a1c01bbd47fc00a2c39e90264f33305004495a9","hash":"d408a84e5e991a06e3103d8c507e1f5dca66c104"}
,"/home/rezk/embedded-llm-assistant/embedded-ai-assistant/backend/src/services/llmService.js": {"path":"/home/rezk/embedded-llm-assistant/embedded-ai-assistant/backend/src/services/llmService.js","statementMap":{"0":{"start":{"line":1,"column":14},"end":{"line":1,"column":30}},"1":{"start":{"line":2,"column":16},"end":{"line":2,"column":44}},"2":{"start":{"line":4,"column":16},"end":{"line":4,"column":35}},"3":{"start":{"line":5,"column":16},"end":{"line":5,"column":37}},"4":{"start":{"line":6,"column":21},"end":{"line":6,"column":45}},"5":{"start":{"line":8,"column":2},"end":{"line":10,"column":69}},"6":{"start":{"line":13,"column":2},"end":{"line":15,"column":3}},"7":{"start":{"line":14,"column":4},"end":{"line":14,"column":21}},"8":{"start":{"line":17,"column":2},"end":{"line":22,"column":3}},"9":{"start":{"line":18,"column":19},"end":{"line":18,"column":56}},"10":{"start":{"line":19,"column":4},"end":{"line":19,"column":69}},"11":{"start":{"line":21,"column":4},"end":{"line":21,"column":21}},"12":{"start":{"line":27,"column":4},"end":{"line":29,"column":25}},"13":{"start":{"line":31,"column":2},"end":{"line":34,"column":4}},"14":{"start":{"line":38,"column":20},"end":{"line":38,"column":36}},"15":{"start":{"line":40,"column":2},"end":{"line":52,"column":4}},"16":{"start":{"line":55,"column":15},"end":{"line":58,"column":2}},"17":{"start":{"line":61,"column":18},"end":{"line":61,"column":54}},"18":{"start":{"line":62,"column":2},"end":{"line":66,"column":3}},"19":{"start":{"line":63,"column":4},"end":{"line":63,"column":43}},"20":{"start":{"line":65,"column":4},"end":{"line":65,"column":25}},"21":{"start":{"line":67,"column":2},"end":{"line":67,"column":17}},"22":{"start":{"line":71,"column":14},"end":{"line":71,"column":32}},"23":{"start":{"line":72,"column":20},"end":{"line":75,"column":11}},"24":{"start":{"line":77,"column":2},"end":{"line":79,"column":3}},"25":{"start":{"line":78,"column":4},"end":{"line":78,"column":21}},"26":{"start":{"line":81,"column":2},"end":{"line":81,"column":54}},"27":{"start":{"line":85,"column":18},"end":{"line":85,"column":61}},"28":{"start":{"line":87,"column":2},"end":{"line":100,"column":3}},"29":{"start":{"line":88,"column":26},"end":{"line":88,"column":81}},"30":{"start":{"line":89,"column":21},"end":{"line":91,"column":58}},"31":{"start":{"line":92,"column":20},"end":{"line":92,"column":71}},"32":{"start":{"line":94,"column":4},"end":{"line":97,"column":6}},"33":{"start":{"line":99,"column":4},"end":{"line":99,"column":43}},"34":{"start":{"line":104,"column":18},"end":{"line":104,"column":60}},"35":{"start":{"line":106,"column":2},"end":{"line":114,"column":3}},"36":{"start":{"line":107,"column":26},"end":{"line":110,"column":5}},"37":{"start":{"line":111,"column":4},"end":{"line":111,"column":77}},"38":{"start":{"line":113,"column":4},"end":{"line":113,"column":43}},"39":{"start":{"line":118,"column":18},"end":{"line":118,"column":28}},"40":{"start":{"line":119,"column":2},"end":{"line":133,"column":3}},"41":{"start":{"line":120,"column":21},"end":{"line":120,"column":48}},"42":{"start":{"line":121,"column":19},"end":{"line":121,"column":48}},"43":{"start":{"line":122,"column":4},"end":{"line":126,"column":6}},"44":{"start":{"line":128,"column":4},"end":{"line":132,"column":6}},"45":{"start":{"line":137,"column":2},"end":{"line":143,"column":3}},"46":{"start":{"line":138,"column":21},"end":{"line":138,"column":51}},"47":{"start":{"line":139,"column":19},"end":{"line":139,"column":79}},"48":{"start":{"line":140,"column":4},"end":{"line":140,"column":22}},"49":{"start":{"line":142,"column":4},"end":{"line":142,"column":43}},"50":{"start":{"line":146,"column":0},"end":{"line":151,"column":2}}},"fnMap":{"0":{"name":"parseLogitBias","decl":{"start":{"line":12,"column":9},"end":{"line":12,"column":23}},"loc":{"start":{"line":12,"column":26},"end":{"line":23,"column":1}},"line":12},"1":{"name":"buildMessages","decl":{"start":{"line":25,"column":9},"end":{"line":25,"column":22}},"loc":{"start":{"line":25,"column":45},"end":{"line":35,"column":1}},"line":25},"2":{"name":"buildPayload","decl":{"start":{"line":37,"column":9},"end":{"line":37,"column":21}},"loc":{"start":{"line":37,"column":67},"end":{"line":53,"column":1}},"line":37},"3":{"name":"createLlmUnavailableError","decl":{"start":{"line":60,"column":9},"end":{"line":60,"column":34}},"loc":{"start":{"line":60,"column":42},"end":{"line":68,"column":1}},"line":60},"4":{"name":"normalizeAsciiResponse","decl":{"start":{"line":70,"column":9},"end":{"line":70,"column":31}},"loc":{"start":{"line":70,"column":38},"end":{"line":82,"column":1}},"line":70},"5":{"name":"chat","decl":{"start":{"line":84,"column":15},"end":{"line":84,"column":19}},"loc":{"start":{"line":84,"column":64},"end":{"line":101,"column":1}},"line":84},"6":{"name":"streamChat","decl":{"start":{"line":103,"column":15},"end":{"line":103,"column":25}},"loc":{"start":{"line":103,"column":70},"end":{"line":115,"column":1}},"line":103},"7":{"name":"ping","decl":{"start":{"line":117,"column":15},"end":{"line":117,"column":19}},"loc":{"start":{"line":117,"column":22},"end":{"line":134,"column":1}},"line":117},"8":{"name":"listModels","decl":{"start":{"line":136,"column":15},"end":{"line":136,"column":25}},"loc":{"start":{"line":136,"column":28},"end":{"line":144,"column":1}},"line":136}},"branchMap":{"0":{"loc":{"start":{"line":8,"column":2},"end":{"line":10,"column":69}},"type":"binary-expr","locations":[{"start":{"line":8,"column":2},"end":{"line":8,"column":38}},{"start":{"line":9,"column":2},"end":{"line":9,"column":31}},{"start":{"line":10,"column":2},"end":{"line":10,"column":69}}],"line":8},"1":{"loc":{"start":{"line":13,"column":2},"end":{"line":15,"column":3}},"type":"if","locations":[{"start":{"line":13,"column":2},"end":{"line":15,"column":3}},{"start":{},"end":{}}],"line":13},"2":{"loc":{"start":{"line":19,"column":11},"end":{"line":19,"column":68}},"type":"cond-expr","locations":[{"start":{"line":19,"column":50},"end":{"line":19,"column":56}},{"start":{"line":19,"column":59},"end":{"line":19,"column":68}}],"line":19},"3":{"loc":{"start":{"line":19,"column":11},"end":{"line":19,"column":47}},"type":"binary-expr","locations":[{"start":{"line":19,"column":11},"end":{"line":19,"column":17}},{"start":{"line":19,"column":21},"end":{"line":19,"column":47}}],"line":19},"4":{"loc":{"start":{"line":25,"column":31},"end":{"line":25,"column":43}},"type":"default-arg","locations":[{"start":{"line":25,"column":41},"end":{"line":25,"column":43}}],"line":25},"5":{"loc":{"start":{"line":27,"column":4},"end":{"line":29,"column":25}},"type":"binary-expr","locations":[{"start":{"line":27,"column":4},"end":{"line":27,"column":24}},{"start":{"line":28,"column":4},"end":{"line":28,"column":25}},{"start":{"line":29,"column":4},"end":{"line":29,"column":25}}],"line":27},"6":{"loc":{"start":{"line":37,"column":37},"end":{"line":37,"column":49}},"type":"default-arg","locations":[{"start":{"line":37,"column":47},"end":{"line":37,"column":49}}],"line":37},"7":{"loc":{"start":{"line":37,"column":51},"end":{"line":37,"column":65}},"type":"default-arg","locations":[{"start":{"line":37,"column":60},"end":{"line":37,"column":65}}],"line":37},"8":{"loc":{"start":{"line":41,"column":11},"end":{"line":41,"column":32}},"type":"binary-expr","locations":[{"start":{"line":41,"column":11},"end":{"line":41,"column":16}},{"start":{"line":41,"column":20},"end":{"line":41,"column":32}}],"line":41},"9":{"loc":{"start":{"line":43,"column":23},"end":{"line":43,"column":47}},"type":"binary-expr","locations":[{"start":{"line":43,"column":23},"end":{"line":43,"column":41}},{"start":{"line":43,"column":45},"end":{"line":43,"column":47}}],"line":43},"10":{"loc":{"start":{"line":44,"column":24},"end":{"line":44,"column":48}},"type":"binary-expr","locations":[{"start":{"line":44,"column":24},"end":{"line":44,"column":43}},{"start":{"line":44,"column":47},"end":{"line":44,"column":48}}],"line":44},"11":{"loc":{"start":{"line":45,"column":18},"end":{"line":45,"column":38}},"type":"binary-expr","locations":[{"start":{"line":45,"column":18},"end":{"line":45,"column":31}},{"start":{"line":45,"column":35},"end":{"line":45,"column":38}}],"line":45},"12":{"loc":{"start":{"line":46,"column":27},"end":{"line":46,"column":56}},"type":"binary-expr","locations":[{"start":{"line":46,"column":27},"end":{"line":46,"column":49}},{"start":{"line":46,"column":53},"end":{"line":46,"column":56}}],"line":46},"13":{"loc":{"start":{"line":47,"column":17},"end":{"line":47,"column":35}},"type":"binary-expr","locations":[{"start":{"line":47,"column":17},"end":{"line":47,"column":29}},{"start":{"line":47,"column":33},"end":{"line":47,"column":35}}],"line":47},"14":{"loc":{"start":{"line":48,"column":30},"end":{"line":48,"column":87}},"type":"binary-expr","locations":[{"start":{"line":48,"column":30},"end":{"line":48,"column":55}},{"start":{"line":48,"column":59},"end":{"line":48,"column":87}}],"line":48},"15":{"loc":{"start":{"line":49,"column":29},"end":{"line":49,"column":84}},"type":"binary-expr","locations":[{"start":{"line":49,"column":29},"end":{"line":49,"column":53}},{"start":{"line":49,"column":57},"end":{"line":49,"column":84}}],"line":49},"16":{"loc":{"start":{"line":51,"column":8},"end":{"line":51,"column":50}},"type":"cond-expr","locations":[{"start":{"line":51,"column":20},"end":{"line":51,"column":45}},{"start":{"line":51,"column":48},"end":{"line":51,"column":50}}],"line":51},"17":{"loc":{"start":{"line":62,"column":2},"end":{"line":66,"column":3}},"type":"if","locations":[{"start":{"line":62,"column":2},"end":{"line":66,"column":3}},{"start":{"line":64,"column":9},"end":{"line":66,"column":3}}],"line":62},"18":{"loc":{"start":{"line":71,"column":21},"end":{"line":71,"column":31}},"type":"binary-expr","locations":[{"start":{"line":71,"column":21},"end":{"line":71,"column":25}},{"start":{"line":71,"column":29},"end":{"line":71,"column":31}}],"line":71},"19":{"loc":{"start":{"line":77,"column":2},"end":{"line":79,"column":3}},"type":"if","locations":[{"start":{"line":77,"column":2},"end":{"line":79,"column":3}},{"start":{},"end":{}}],"line":77},"20":{"loc":{"start":{"line":84,"column":28},"end":{"line":84,"column":48}},"type":"default-arg","locations":[{"start":{"line":84,"column":36},"end":{"line":84,"column":48}}],"line":84},"21":{"loc":{"start":{"line":84,"column":50},"end":{"line":84,"column":62}},"type":"default-arg","locations":[{"start":{"line":84,"column":60},"end":{"line":84,"column":62}}],"line":84},"22":{"loc":{"start":{"line":88,"column":26},"end":{"line":88,"column":81}},"type":"cond-expr","locations":[{"start":{"line":88,"column":43},"end":{"line":88,"column":69}},{"start":{"line":88,"column":72},"end":{"line":88,"column":81}}],"line":88},"23":{"loc":{"start":{"line":89,"column":21},"end":{"line":91,"column":58}},"type":"cond-expr","locations":[{"start":{"line":90,"column":8},"end":{"line":90,"column":73}},{"start":{"line":91,"column":8},"end":{"line":91,"column":58}}],"line":89},"24":{"loc":{"start":{"line":92,"column":20},"end":{"line":92,"column":71}},"type":"binary-expr","locations":[{"start":{"line":92,"column":20},"end":{"line":92,"column":65}},{"start":{"line":92,"column":69},"end":{"line":92,"column":71}}],"line":92},"25":{"loc":{"start":{"line":96,"column":13},"end":{"line":96,"column":42}},"type":"binary-expr","locations":[{"start":{"line":96,"column":13},"end":{"line":96,"column":33}},{"start":{"line":96,"column":37},"end":{"line":96,"column":42}}],"line":96},"26":{"loc":{"start":{"line":103,"column":34},"end":{"line":103,"column":54}},"type":"default-arg","locations":[{"start":{"line":103,"column":42},"end":{"line":103,"column":54}}],"line":103},"27":{"loc":{"start":{"line":103,"column":56},"end":{"line":103,"column":68}},"type":"default-arg","locations":[{"start":{"line":103,"column":66},"end":{"line":103,"column":68}}],"line":103},"28":{"loc":{"start":{"line":109,"column":10},"end":{"line":109,"column":58}},"type":"cond-expr","locations":[{"start":{"line":109,"column":27},"end":{"line":109,"column":53}},{"start":{"line":109,"column":56},"end":{"line":109,"column":58}}],"line":109},"29":{"loc":{"start":{"line":121,"column":19},"end":{"line":121,"column":48}},"type":"binary-expr","locations":[{"start":{"line":121,"column":19},"end":{"line":121,"column":40}},{"start":{"line":121,"column":44},"end":{"line":121,"column":48}}],"line":121},"30":{"loc":{"start":{"line":139,"column":19},"end":{"line":139,"column":79}},"type":"cond-expr","locations":[{"start":{"line":139,"column":56},"end":{"line":139,"column":74}},{"start":{"line":139,"column":77},"end":{"line":139,"column":79}}],"line":139}},"s":{"0":1,"1":1,"2":1,"3":1,"4":1,"5":1,"6":1,"7":1,"8":0,"9":0,"10":0,"11":0,"12":1,"13":1,"14":1,"15":1,"16":1,"17":0,"18":0,"19":0,"20":0,"21":0,"22":1,"23":1,"24":1,"25":1,"26":0,"27":1,"28":1,"29":1,"30":1,"31":1,"32":1,"33":0,"34":0,"35":0,"36":0,"37":0,"38":0,"39":1,"40":1,"41":1,"42":1,"43":1,"44":0,"45":1,"46":1,"47":1,"48":1,"49":0,"50":1},"f":{"0":1,"1":1,"2":1,"3":0,"4":1,"5":1,"6":0,"7":1,"8":1},"b":{"0":[1,1,1],"1":[1,0],"2":[0,0],"3":[0,0],"4":[0],"5":[1,1,1],"6":[0],"7":[0],"8":[1,0],"9":[1,1],"10":[1,1],"11":[1,1],"12":[1,1],"13":[1,1],"14":[1,1],"15":[1,1],"16":[0,1],"17":[0,0],"18":[1,0],"19":[1,0],"20":[1],"21":[1],"22":[0,1],"23":[0,1],"24":[1,0],"25":[1,0],"26":[0],"27":[0],"28":[0,0],"29":[1,0],"30":[1,0]},"_coverageSchema":"1a1c01bbd47fc00a2c39e90264f33305004495a9","hash":"5d3f8727173bb6c3b88a4a18b53a689eed49ba69"}
,"/home/rezk/embedded-llm-assistant/embedded-ai-assistant/backend/src/services/sttService.js": {"path":"/home/rezk/embedded-llm-assistant/embedded-ai-assistant/backend/src/services/sttService.js","statementMap":{"0":{"start":{"line":1,"column":11},"end":{"line":1,"column":33}},"1":{"start":{"line":2,"column":22},"end":{"line":2,"column":35}},"2":{"start":{"line":3,"column":18},"end":{"line":3,"column":42}},"3":{"start":{"line":4,"column":13},"end":{"line":4,"column":28}},"4":{"start":{"line":5,"column":16},"end":{"line":5,"column":44}},"5":{"start":{"line":7,"column":19},"end":{"line":7,"column":41}},"6":{"start":{"line":8,"column":21},"end":{"line":8,"column":45}},"7":{"start":{"line":11,"column":2},"end":{"line":40,"column":5}},"8":{"start":{"line":12,"column":18},"end":{"line":12,"column":38}},"9":{"start":{"line":13,"column":17},"end":{"line":13,"column":19}},"10":{"start":{"line":14,"column":21},"end":{"line":14,"column":26}},"11":{"start":{"line":16,"column":18},"end":{"line":19,"column":17}},"12":{"start":{"line":17,"column":6},"end":{"line":17,"column":24}},"13":{"start":{"line":18,"column":6},"end":{"line":18,"column":28}},"14":{"start":{"line":21,"column":4},"end":{"line":23,"column":7}},"15":{"start":{"line":22,"column":6},"end":{"line":22,"column":33}},"16":{"start":{"line":25,"column":4},"end":{"line":28,"column":7}},"17":{"start":{"line":26,"column":6},"end":{"line":26,"column":26}},"18":{"start":{"line":27,"column":6},"end":{"line":27,"column":20}},"19":{"start":{"line":30,"column":4},"end":{"line":39,"column":7}},"20":{"start":{"line":31,"column":6},"end":{"line":31,"column":26}},"21":{"start":{"line":32,"column":6},"end":{"line":34,"column":7}},"22":{"start":{"line":33,"column":8},"end":{"line":33,"column":58}},"23":{"start":{"line":35,"column":6},"end":{"line":37,"column":7}},"24":{"start":{"line":36,"column":8},"end":{"line":36,"column":84}},"25":{"start":{"line":38,"column":6},"end":{"line":38,"column":23}},"26":{"start":{"line":44,"column":2},"end":{"line":46,"column":3}},"27":{"start":{"line":45,"column":4},"end":{"line":45,"column":80}},"28":{"start":{"line":47,"column":21},"end":{"line":47,"column":64}},"29":{"start":{"line":49,"column":2},"end":{"line":63,"column":3}},"30":{"start":{"line":50,"column":4},"end":{"line":54,"column":6}},"31":{"start":{"line":56,"column":23},"end":{"line":56,"column":69}},"32":{"start":{"line":57,"column":4},"end":{"line":57,"column":29}},"33":{"start":{"line":59,"column":4},"end":{"line":62,"column":7}},"34":{"start":{"line":67,"column":15},"end":{"line":67,"column":20}},"35":{"start":{"line":68,"column":14},"end":{"line":68,"column":19}},"36":{"start":{"line":70,"column":2},"end":{"line":75,"column":3}},"37":{"start":{"line":71,"column":4},"end":{"line":71,"column":48}},"38":{"start":{"line":72,"column":4},"end":{"line":72,"column":18}},"39":{"start":{"line":74,"column":4},"end":{"line":74,"column":19}},"40":{"start":{"line":77,"column":2},"end":{"line":82,"column":3}},"41":{"start":{"line":78,"column":4},"end":{"line":78,"column":50}},"42":{"start":{"line":79,"column":4},"end":{"line":79,"column":17}},"43":{"start":{"line":81,"column":4},"end":{"line":81,"column":18}},"44":{"start":{"line":84,"column":2},"end":{"line":88,"column":4}},"45":{"start":{"line":91,"column":0},"end":{"line":94,"column":2}}},"fnMap":{"0":{"name":"runWithTimeout","decl":{"start":{"line":10,"column":9},"end":{"line":10,"column":23}},"loc":{"start":{"line":10,"column":50},"end":{"line":41,"column":1}},"line":10},"1":{"name":"(anonymous_1)","decl":{"start":{"line":11,"column":21},"end":{"line":11,"column":22}},"loc":{"start":{"line":11,"column":42},"end":{"line":40,"column":3}},"line":11},"2":{"name":"(anonymous_2)","decl":{"start":{"line":16,"column":29},"end":{"line":16,"column":30}},"loc":{"start":{"line":16,"column":35},"end":{"line":19,"column":5}},"line":16},"3":{"name":"(anonymous_3)","decl":{"start":{"line":21,"column":28},"end":{"line":21,"column":29}},"loc":{"start":{"line":21,"column":39},"end":{"line":23,"column":5}},"line":21},"4":{"name":"(anonymous_4)","decl":{"start":{"line":25,"column":22},"end":{"line":25,"column":23}},"loc":{"start":{"line":25,"column":33},"end":{"line":28,"column":5}},"line":25},"5":{"name":"(anonymous_5)","decl":{"start":{"line":30,"column":22},"end":{"line":30,"column":23}},"loc":{"start":{"line":30,"column":32},"end":{"line":39,"column":5}},"line":30},"6":{"name":"transcribe","decl":{"start":{"line":43,"column":15},"end":{"line":43,"column":25}},"loc":{"start":{"line":43,"column":39},"end":{"line":64,"column":1}},"line":43},"7":{"name":"ping","decl":{"start":{"line":66,"column":15},"end":{"line":66,"column":19}},"loc":{"start":{"line":66,"column":22},"end":{"line":89,"column":1}},"line":66}},"branchMap":{"0":{"loc":{"start":{"line":32,"column":6},"end":{"line":34,"column":7}},"type":"if","locations":[{"start":{"line":32,"column":6},"end":{"line":34,"column":7}},{"start":{},"end":{}}],"line":32},"1":{"loc":{"start":{"line":35,"column":6},"end":{"line":37,"column":7}},"type":"if","locations":[{"start":{"line":35,"column":6},"end":{"line":37,"column":7}},{"start":{},"end":{}}],"line":35},"2":{"loc":{"start":{"line":44,"column":2},"end":{"line":46,"column":3}},"type":"if","locations":[{"start":{"line":44,"column":2},"end":{"line":46,"column":3}},{"start":{},"end":{}}],"line":44},"3":{"loc":{"start":{"line":85,"column":8},"end":{"line":85,"column":23}},"type":"binary-expr","locations":[{"start":{"line":85,"column":8},"end":{"line":85,"column":14}},{"start":{"line":85,"column":18},"end":{"line":85,"column":23}}],"line":85}},"s":{"0":1,"1":1,"2":1,"3":1,"4":1,"5":1,"6":1,"7":2,"8":2,"9":2,"10":2,"11":2,"12":0,"13":0,"14":2,"15":0,"16":2,"17":0,"18":0,"19":2,"20":2,"21":2,"22":0,"23":2,"24":1,"25":1,"26":2,"27":0,"28":2,"29":2,"30":2,"31":1,"32":1,"33":2,"34":1,"35":1,"36":1,"37":1,"38":1,"39":0,"40":1,"41":1,"42":1,"43":0,"44":1,"45":1},"f":{"0":2,"1":2,"2":0,"3":0,"4":0,"5":2,"6":2,"7":1},"b":{"0":[0,2],"1":[1,1],"2":[0,2],"3":[1,1]},"_coverageSchema":"1a1c01bbd47fc00a2c39e90264f33305004495a9","hash":"6319d6f4a115f6c5c99f08f81d4a453af2a38e1c"}
,"/home/rezk/embedded-llm-assistant/embedded-ai-assistant/backend/src/services/ttsService.js": {"path":"/home/rezk/embedded-llm-assistant/embedded-ai-assistant/backend/src/services/ttsService.js","statementMap":{"0":{"start":{"line":1,"column":11},"end":{"line":1,"column":33}},"1":{"start":{"line":2,"column":22},"end":{"line":2,"column":35}},"2":{"start":{"line":3,"column":18},"end":{"line":3,"column":42}},"3":{"start":{"line":4,"column":13},"end":{"line":4,"column":28}},"4":{"start":{"line":5,"column":16},"end":{"line":5,"column":44}},"5":{"start":{"line":7,"column":17},"end":{"line":7,"column":37}},"6":{"start":{"line":8,"column":21},"end":{"line":8,"column":45}},"7":{"start":{"line":11,"column":2},"end":{"line":13,"column":3}},"8":{"start":{"line":12,"column":4},"end":{"line":12,"column":24}},"9":{"start":{"line":15,"column":2},"end":{"line":17,"column":3}},"10":{"start":{"line":16,"column":4},"end":{"line":16,"column":21}},"11":{"start":{"line":19,"column":2},"end":{"line":19,"column":62}},"12":{"start":{"line":23,"column":2},"end":{"line":25,"column":3}},"13":{"start":{"line":24,"column":4},"end":{"line":24,"column":80}},"14":{"start":{"line":26,"column":21},"end":{"line":26,"column":68}},"15":{"start":{"line":27,"column":20},"end":{"line":27,"column":47}},"16":{"start":{"line":28,"column":19},"end":{"line":28,"column":41}},"17":{"start":{"line":29,"column":30},"end":{"line":34,"column":14}},"18":{"start":{"line":36,"column":2},"end":{"line":106,"column":3}},"19":{"start":{"line":37,"column":4},"end":{"line":101,"column":7}},"20":{"start":{"line":38,"column":20},"end":{"line":43,"column":8}},"21":{"start":{"line":44,"column":19},"end":{"line":44,"column":21}},"22":{"start":{"line":45,"column":23},"end":{"line":45,"column":28}},"23":{"start":{"line":46,"column":20},"end":{"line":46,"column":25}},"24":{"start":{"line":48,"column":25},"end":{"line":54,"column":7}},"25":{"start":{"line":49,"column":8},"end":{"line":51,"column":9}},"26":{"start":{"line":50,"column":10},"end":{"line":50,"column":17}},"27":{"start":{"line":52,"column":8},"end":{"line":52,"column":23}},"28":{"start":{"line":53,"column":8},"end":{"line":53,"column":22}},"29":{"start":{"line":56,"column":26},"end":{"line":62,"column":7}},"30":{"start":{"line":57,"column":8},"end":{"line":59,"column":9}},"31":{"start":{"line":58,"column":10},"end":{"line":58,"column":17}},"32":{"start":{"line":60,"column":8},"end":{"line":60,"column":23}},"33":{"start":{"line":61,"column":8},"end":{"line":61,"column":18}},"34":{"start":{"line":64,"column":20},"end":{"line":67,"column":31}},"35":{"start":{"line":65,"column":8},"end":{"line":65,"column":26}},"36":{"start":{"line":66,"column":8},"end":{"line":66,"column":30}},"37":{"start":{"line":69,"column":6},"end":{"line":71,"column":9}},"38":{"start":{"line":70,"column":8},"end":{"line":70,"column":35}},"39":{"start":{"line":73,"column":6},"end":{"line":76,"column":9}},"40":{"start":{"line":74,"column":8},"end":{"line":74,"column":28}},"41":{"start":{"line":75,"column":8},"end":{"line":75,"column":26}},"42":{"start":{"line":78,"column":6},"end":{"line":87,"column":9}},"43":{"start":{"line":79,"column":8},"end":{"line":79,"column":28}},"44":{"start":{"line":80,"column":8},"end":{"line":82,"column":9}},"45":{"start":{"line":81,"column":10},"end":{"line":81,"column":58}},"46":{"start":{"line":83,"column":8},"end":{"line":85,"column":9}},"47":{"start":{"line":84,"column":10},"end":{"line":84,"column":84}},"48":{"start":{"line":86,"column":8},"end":{"line":86,"column":29}},"49":{"start":{"line":89,"column":6},"end":{"line":93,"column":7}},"50":{"start":{"line":90,"column":8},"end":{"line":92,"column":11}},"51":{"start":{"line":91,"column":10},"end":{"line":91,"column":110}},"52":{"start":{"line":95,"column":6},"end":{"line":100,"column":7}},"53":{"start":{"line":96,"column":8},"end":{"line":96,"column":32}},"54":{"start":{"line":97,"column":8},"end":{"line":97,"column":26}},"55":{"start":{"line":99,"column":8},"end":{"line":99,"column":115}},"56":{"start":{"line":103,"column":4},"end":{"line":103,"column":35}},"57":{"start":{"line":105,"column":4},"end":{"line":105,"column":48}},"58":{"start":{"line":110,"column":15},"end":{"line":110,"column":20}},"59":{"start":{"line":111,"column":14},"end":{"line":111,"column":19}},"60":{"start":{"line":113,"column":2},"end":{"line":118,"column":3}},"61":{"start":{"line":114,"column":4},"end":{"line":114,"column":46}},"62":{"start":{"line":115,"column":4},"end":{"line":115,"column":18}},"63":{"start":{"line":117,"column":4},"end":{"line":117,"column":19}},"64":{"start":{"line":120,"column":2},"end":{"line":125,"column":3}},"65":{"start":{"line":121,"column":4},"end":{"line":121,"column":50}},"66":{"start":{"line":122,"column":4},"end":{"line":122,"column":17}},"67":{"start":{"line":124,"column":4},"end":{"line":124,"column":18}},"68":{"start":{"line":127,"column":2},"end":{"line":131,"column":4}},"69":{"start":{"line":134,"column":0},"end":{"line":137,"column":2}}},"fnMap":{"0":{"name":"resolveVoicePath","decl":{"start":{"line":10,"column":9},"end":{"line":10,"column":25}},"loc":{"start":{"line":10,"column":37},"end":{"line":20,"column":1}},"line":10},"1":{"name":"synthesize","decl":{"start":{"line":22,"column":15},"end":{"line":22,"column":25}},"loc":{"start":{"line":22,"column":43},"end":{"line":107,"column":1}},"line":22},"2":{"name":"(anonymous_2)","decl":{"start":{"line":37,"column":22},"end":{"line":37,"column":23}},"loc":{"start":{"line":37,"column":43},"end":{"line":101,"column":5}},"line":37},"3":{"name":"(anonymous_3)","decl":{"start":{"line":48,"column":25},"end":{"line":48,"column":26}},"loc":{"start":{"line":48,"column":36},"end":{"line":54,"column":7}},"line":48},"4":{"name":"(anonymous_4)","decl":{"start":{"line":56,"column":26},"end":{"line":56,"column":27}},"loc":{"start":{"line":56,"column":32},"end":{"line":62,"column":7}},"line":56},"5":{"name":"(anonymous_5)","decl":{"start":{"line":64,"column":31},"end":{"line":64,"column":32}},"loc":{"start":{"line":64,"column":37},"end":{"line":67,"column":7}},"line":64},"6":{"name":"(anonymous_6)","decl":{"start":{"line":69,"column":30},"end":{"line":69,"column":31}},"loc":{"start":{"line":69,"column":41},"end":{"line":71,"column":7}},"line":69},"7":{"name":"(anonymous_7)","decl":{"start":{"line":73,"column":24},"end":{"line":73,"column":25}},"loc":{"start":{"line":73,"column":35},"end":{"line":76,"column":7}},"line":73},"8":{"name":"(anonymous_8)","decl":{"start":{"line":78,"column":24},"end":{"line":78,"column":25}},"loc":{"start":{"line":78,"column":34},"end":{"line":87,"column":7}},"line":78},"9":{"name":"(anonymous_9)","decl":{"start":{"line":90,"column":32},"end":{"line":90,"column":33}},"loc":{"start":{"line":90,"column":43},"end":{"line":92,"column":9}},"line":90},"10":{"name":"(anonymous_10)","decl":{"start":{"line":105,"column":38},"end":{"line":105,"column":39}},"loc":{"start":{"line":105,"column":44},"end":{"line":105,"column":46}},"line":105},"11":{"name":"ping","decl":{"start":{"line":109,"column":15},"end":{"line":109,"column":19}},"loc":{"start":{"line":109,"column":22},"end":{"line":132,"column":1}},"line":109}},"branchMap":{"0":{"loc":{"start":{"line":11,"column":2},"end":{"line":13,"column":3}},"type":"if","locations":[{"start":{"line":11,"column":2},"end":{"line":13,"column":3}},{"start":{},"end":{}}],"line":11},"1":{"loc":{"start":{"line":15,"column":2},"end":{"line":17,"column":3}},"type":"if","locations":[{"start":{"line":15,"column":2},"end":{"line":17,"column":3}},{"start":{},"end":{}}],"line":15},"2":{"loc":{"start":{"line":15,"column":6},"end":{"line":15,"column":62}},"type":"binary-expr","locations":[{"start":{"line":15,"column":6},"end":{"line":15,"column":33}},{"start":{"line":15,"column":37},"end":{"line":15,"column":62}}],"line":15},"3":{"loc":{"start":{"line":23,"column":2},"end":{"line":25,"column":3}},"type":"if","locations":[{"start":{"line":23,"column":2},"end":{"line":25,"column":3}},{"start":{},"end":{}}],"line":23},"4":{"loc":{"start":{"line":31,"column":4},"end":{"line":31,"column":37}},"type":"binary-expr","locations":[{"start":{"line":31,"column":4},"end":{"line":31,"column":31}},{"start":{"line":31,"column":35},"end":{"line":31,"column":37}}],"line":31},"5":{"loc":{"start":{"line":49,"column":8},"end":{"line":51,"column":9}},"type":"if","locations":[{"start":{"line":49,"column":8},"end":{"line":51,"column":9}},{"start":{},"end":{}}],"line":49},"6":{"loc":{"start":{"line":57,"column":8},"end":{"line":59,"column":9}},"type":"if","locations":[{"start":{"line":57,"column":8},"end":{"line":59,"column":9}},{"start":{},"end":{}}],"line":57},"7":{"loc":{"start":{"line":80,"column":8},"end":{"line":82,"column":9}},"type":"if","locations":[{"start":{"line":80,"column":8},"end":{"line":82,"column":9}},{"start":{},"end":{}}],"line":80},"8":{"loc":{"start":{"line":83,"column":8},"end":{"line":85,"column":9}},"type":"if","locations":[{"start":{"line":83,"column":8},"end":{"line":85,"column":9}},{"start":{},"end":{}}],"line":83},"9":{"loc":{"start":{"line":89,"column":6},"end":{"line":93,"column":7}},"type":"if","locations":[{"start":{"line":89,"column":6},"end":{"line":93,"column":7}},{"start":{},"end":{}}],"line":89},"10":{"loc":{"start":{"line":91,"column":69},"end":{"line":91,"column":105}},"type":"cond-expr","locations":[{"start":{"line":91,"column":78},"end":{"line":91,"column":100}},{"start":{"line":91,"column":103},"end":{"line":91,"column":105}}],"line":91},"11":{"loc":{"start":{"line":99,"column":74},"end":{"line":99,"column":110}},"type":"cond-expr","locations":[{"start":{"line":99,"column":83},"end":{"line":99,"column":105}},{"start":{"line":99,"column":108},"end":{"line":99,"column":110}}],"line":99},"12":{"loc":{"start":{"line":128,"column":8},"end":{"line":128,"column":23}},"type":"binary-expr","locations":[{"start":{"line":128,"column":8},"end":{"line":128,"column":14}},{"start":{"line":128,"column":18},"end":{"line":128,"column":23}}],"line":128}},"s":{"0":1,"1":1,"2":1,"3":1,"4":1,"5":1,"6":1,"7":2,"8":2,"9":0,"10":0,"11":0,"12":2,"13":0,"14":2,"15":2,"16":2,"17":2,"18":2,"19":2,"20":2,"21":2,"22":2,"23":2,"24":2,"25":1,"26":0,"27":1,"28":1,"29":2,"30":1,"31":0,"32":1,"33":1,"34":2,"35":0,"36":0,"37":2,"38":0,"39":2,"40":0,"41":0,"42":2,"43":2,"44":2,"45":0,"46":2,"47":1,"48":1,"49":2,"50":0,"51":0,"52":2,"53":2,"54":2,"55":0,"56":1,"57":2,"58":1,"59":1,"60":1,"61":1,"62":1,"63":0,"64":1,"65":1,"66":1,"67":0,"68":1,"69":1},"f":{"0":2,"1":2,"2":2,"3":1,"4":1,"5":0,"6":0,"7":0,"8":2,"9":0,"10":0,"11":1},"b":{"0":[2,0],"1":[0,0],"2":[0,0],"3":[0,2],"4":[2,2],"5":[0,1],"6":[0,1],"7":[0,2],"8":[1,1],"9":[0,2],"10":[0,0],"11":[0,0],"12":[1,1]},"_coverageSchema":"1a1c01bbd47fc00a2c39e90264f33305004495a9","hash":"b223531490d590dd59b2ff435dc6ab0f3a74d5ff"}
}
