TN:
SF:src/config/runtime.js
FN:3,toNumber
FNF:1
FNH:1
FNDA:27,toNumber
DA:1,3
DA:4,27
DA:5,27
DA:8,3
DA:10,3
LF:5
LH:5
BRDA:5,0,0,1
BRDA:5,0,1,26
BRDA:8,1,0,3
BRDA:8,1,1,3
BRDA:13,2,0,3
BRDA:13,2,1,3
BRDA:16,3,0,3
BRDA:16,3,1,2
BRDA:18,4,0,3
BRDA:18,4,1,2
BRDA:24,5,0,3
BRDA:24,5,1,3
BRDA:26,6,0,3
BRDA:26,6,1,3
BRDA:36,7,0,3
BRDA:36,7,1,2
BRDA:37,8,0,3
BRDA:37,8,1,2
BRDA:42,9,0,3
BRDA:42,9,1,2
BRDA:43,10,0,3
BRDA:43,10,1,2
BRDA:44,11,0,3
BRDA:44,11,1,3
BRDA:49,12,0,3
BRDA:49,12,1,3
BRF:26
BRH:26
end_of_record
TN:
SF:src/middleware/validate.js
FN:6,(anonymous_0)
FNF:1
FNH:1
FNDA:2,(anonymous_0)
DA:1,1
DA:3,1
DA:7,2
DA:8,2
DA:9,1
DA:11,1
DA:15,1
DA:19,1
LF:8
LH:8
BRDA:8,0,0,1
BRDA:8,0,1,1
BRF:2
BRH:2
end_of_record
TN:
SF:src/services/llmService.js
FN:8,parseLogitBias
FN:21,buildMessages
FN:34,buildPayload
FN:55,createLlmUnavailableError
FN:65,chat
FN:82,streamChat
FN:96,ping
FN:115,listModels
FNF:8
FNH:6
FNDA:1,parseLogitBias
FNDA:1,buildMessages
FNDA:1,buildPayload
FNDA:0,createLlmUnavailableError
FNDA:1,chat
FNDA:0,streamChat
FNDA:1,ping
FNDA:1,listModels
DA:1,1
DA:2,1
DA:4,1
DA:5,1
DA:6,1
DA:9,1
DA:10,1
DA:13,0
DA:14,0
DA:15,0
DA:17,0
DA:22,1
DA:23,1
DA:24,1
DA:28,1
DA:35,1
DA:37,1
DA:50,1
DA:56,0
DA:57,0
DA:58,0
DA:60,0
DA:62,0
DA:66,1
DA:68,1
DA:69,1
DA:70,1
DA:73,1
DA:78,0
DA:83,0
DA:85,0
DA:86,0
DA:90,0
DA:92,0
DA:97,1
DA:98,1
DA:99,1
DA:100,1
DA:101,1
DA:107,0
DA:116,1
DA:117,1
DA:118,1
DA:119,1
DA:121,0
DA:125,1
LF:46
LH:29
BRDA:9,0,0,1
BRDA:9,0,1,0
BRDA:15,1,0,0
BRDA:15,1,1,0
BRDA:15,2,0,0
BRDA:15,2,1,0
BRDA:21,3,0,0
BRDA:23,4,0,1
BRDA:23,4,1,1
BRDA:24,5,0,0
BRDA:24,5,1,1
BRDA:34,6,0,0
BRDA:34,7,0,0
BRDA:40,8,0,1
BRDA:40,8,1,1
BRDA:41,9,0,1
BRDA:41,9,1,1
BRDA:42,10,0,1
BRDA:42,10,1,1
BRDA:43,11,0,1
BRDA:43,11,1,1
BRDA:44,12,0,1
BRDA:44,12,1,1
BRDA:46,13,0,0
BRDA:46,13,1,1
BRDA:57,14,0,0
BRDA:57,14,1,0
BRDA:65,15,0,1
BRDA:65,16,0,1
BRDA:69,17,0,0
BRDA:69,17,1,1
BRDA:70,18,0,0
BRDA:70,18,1,1
BRDA:74,19,0,1
BRDA:74,19,1,0
BRDA:75,20,0,1
BRDA:75,20,1,0
BRDA:82,21,0,0
BRDA:82,22,0,0
BRDA:88,23,0,0
BRDA:88,23,1,0
BRDA:100,24,0,1
BRDA:100,24,1,0
BRDA:118,25,0,1
BRDA:118,25,1,0
BRF:45
BRH:23
end_of_record
TN:
SF:src/services/sttService.js
FN:10,runWithTimeout
FN:11,(anonymous_1)
FN:16,(anonymous_2)
FN:21,(anonymous_3)
FN:25,(anonymous_4)
FN:30,(anonymous_5)
FN:43,transcribe
FN:66,ping
FNF:8
FNH:5
FNDA:2,runWithTimeout
FNDA:2,(anonymous_1)
FNDA:0,(anonymous_2)
FNDA:0,(anonymous_3)
FNDA:0,(anonymous_4)
FNDA:2,(anonymous_5)
FNDA:2,transcribe
FNDA:1,ping
DA:1,1
DA:2,1
DA:3,1
DA:4,1
DA:5,1
DA:7,1
DA:8,1
DA:11,2
DA:12,2
DA:13,2
DA:14,2
DA:16,2
DA:17,0
DA:18,0
DA:21,2
DA:22,0
DA:25,2
DA:26,0
DA:27,0
DA:30,2
DA:31,2
DA:32,2
DA:33,0
DA:35,2
DA:36,1
DA:38,1
DA:44,2
DA:45,0
DA:47,2
DA:49,2
DA:50,2
DA:56,1
DA:57,1
DA:59,2
DA:67,1
DA:68,1
DA:70,1
DA:71,1
DA:72,1
DA:74,0
DA:77,1
DA:78,1
DA:79,1
DA:81,0
DA:84,1
DA:91,1
LF:46
LH:37
BRDA:32,0,0,0
BRDA:32,0,1,2
BRDA:35,1,0,1
BRDA:35,1,1,1
BRDA:44,2,0,0
BRDA:44,2,1,2
BRDA:85,3,0,1
BRDA:85,3,1,1
BRF:8
BRH:6
end_of_record
TN:
SF:src/services/ttsService.js
FN:10,resolveVoicePath
FN:22,synthesize
FN:30,(anonymous_2)
FN:36,(anonymous_3)
FN:44,(anonymous_4)
FN:52,(anonymous_5)
FN:57,(anonymous_6)
FN:61,(anonymous_7)
FN:66,(anonymous_8)
FN:78,(anonymous_9)
FN:93,(anonymous_10)
FN:97,ping
FNF:12
FNH:7
FNDA:2,resolveVoicePath
FNDA:2,synthesize
FNDA:2,(anonymous_2)
FNDA:1,(anonymous_3)
FNDA:1,(anonymous_4)
FNDA:0,(anonymous_5)
FNDA:0,(anonymous_6)
FNDA:0,(anonymous_7)
FNDA:2,(anonymous_8)
FNDA:0,(anonymous_9)
FNDA:0,(anonymous_10)
FNDA:1,ping
DA:1,1
DA:2,1
DA:3,1
DA:4,1
DA:5,1
DA:7,1
DA:8,1
DA:11,2
DA:12,2
DA:15,0
DA:16,0
DA:19,0
DA:23,2
DA:24,0
DA:26,2
DA:27,2
DA:29,2
DA:30,2
DA:31,2
DA:32,2
DA:33,2
DA:34,2
DA:36,2
DA:37,1
DA:38,0
DA:40,1
DA:41,1
DA:44,2
DA:45,1
DA:46,0
DA:48,1
DA:49,1
DA:52,2
DA:53,0
DA:54,0
DA:57,2
DA:58,0
DA:61,2
DA:62,0
DA:63,0
DA:66,2
DA:67,2
DA:68,2
DA:69,0
DA:71,2
DA:72,1
DA:74,1
DA:77,2
DA:78,0
DA:79,0
DA:83,2
DA:84,2
DA:85,2
DA:87,0
DA:91,1
DA:93,2
DA:98,1
DA:99,1
DA:101,1
DA:102,1
DA:103,1
DA:105,0
DA:108,1
DA:109,1
DA:110,1
DA:112,0
DA:115,1
DA:122,1
LF:68
LH:51
BRDA:11,0,0,2
BRDA:11,0,1,0
BRDA:15,1,0,0
BRDA:15,1,1,0
BRDA:15,2,0,0
BRDA:15,2,1,0
BRDA:23,3,0,0
BRDA:23,3,1,2
BRDA:37,4,0,0
BRDA:37,4,1,1
BRDA:45,5,0,0
BRDA:45,5,1,1
BRDA:68,6,0,0
BRDA:68,6,1,2
BRDA:71,7,0,1
BRDA:71,7,1,1
BRDA:77,8,0,0
BRDA:77,8,1,2
BRDA:79,9,0,0
BRDA:79,9,1,0
BRDA:87,10,0,0
BRDA:87,10,1,0
BRDA:116,11,0,1
BRDA:116,11,1,1
BRF:24
BRH:10
end_of_record
