TN:
SF:src/config/runtime.js
FN:3,toNumber
FNF:1
FNH:1
FNDA:27,toNumber
DA:1,3
DA:4,27
DA:5,27
DA:8,3
DA:10,3
LF:5
LH:5
BRDA:5,0,0,1
BRDA:5,0,1,26
BRDA:8,1,0,3
BRDA:8,1,1,3
BRDA:13,2,0,3
BRDA:13,2,1,3
BRDA:16,3,0,3
BRDA:16,3,1,2
BRDA:18,4,0,3
BRDA:18,4,1,2
BRDA:24,5,0,3
BRDA:24,5,1,3
BRDA:26,6,0,3
BRDA:26,6,1,3
BRDA:36,7,0,3
BRDA:36,7,1,2
BRDA:37,8,0,3
BRDA:37,8,1,2
BRDA:42,9,0,3
BRDA:42,9,1,2
BRDA:43,10,0,3
BRDA:43,10,1,2
BRDA:44,11,0,3
BRDA:44,11,1,3
BRDA:45,12,0,3
BRDA:45,12,1,3
BRDA:50,13,0,3
BRDA:50,13,1,3
BRF:28
BRH:28
end_of_record
TN:
SF:src/controllers/llmController.js
FN:4,createSentenceExtractor
FN:7,(anonymous_1)
FN:15,(anonymous_2)
FN:40,parseSseFrames
FN:46,parseChatCompletionDelta
FN:49,(anonymous_5)
FN:73,normalizeAsciiToken
FN:79,chat
FN:105,stream
FN:139,(anonymous_9)
FN:149,(anonymous_10)
FN:183,(anonymous_11)
FN:191,(anonymous_12)
FN:202,(anonymous_13)
FN:226,(anonymous_14)
FN:233,(anonymous_15)
FN:240,(anonymous_16)
FN:254,health
FN:263,models
FNF:19
FNH:1
FNDA:0,createSentenceExtractor
FNDA:0,(anonymous_1)
FNDA:0,(anonymous_2)
FNDA:0,parseSseFrames
FNDA:0,parseChatCompletionDelta
FNDA:0,(anonymous_5)
FNDA:2,normalizeAsciiToken
FNDA:0,chat
FNDA:0,stream
FNDA:0,(anonymous_9)
FNDA:0,(anonymous_10)
FNDA:0,(anonymous_11)
FNDA:0,(anonymous_12)
FNDA:0,(anonymous_13)
FNDA:0,(anonymous_14)
FNDA:0,(anonymous_15)
FNDA:0,(anonymous_16)
FNDA:0,health
FNDA:0,models
DA:1,1
DA:2,1
DA:5,0
DA:7,0
DA:8,0
DA:9,0
DA:10,0
DA:12,0
DA:15,0
DA:16,0
DA:17,0
DA:18,0
DA:21,0
DA:23,0
DA:24,0
DA:25,0
DA:28,0
DA:29,0
DA:30,0
DA:31,0
DA:32,0
DA:37,0
DA:41,0
DA:42,0
DA:43,0
DA:47,0
DA:49,0
DA:51,0
DA:52,0
DA:55,0
DA:56,0
DA:57,0
DA:60,0
DA:61,0
DA:64,0
DA:65,0
DA:66,0
DA:67,0
DA:69,0
DA:74,2
DA:80,0
DA:81,0
DA:82,0
DA:83,0
DA:86,0
DA:87,0
DA:92,0
DA:94,0
DA:101,0
DA:106,0
DA:107,0
DA:108,0
DA:109,0
DA:112,0
DA:113,0
DA:114,0
DA:115,0
DA:121,0
DA:122,0
DA:123,0
DA:125,0
DA:126,0
DA:131,0
DA:132,0
DA:133,0
DA:134,0
DA:135,0
DA:136,0
DA:139,0
DA:140,0
DA:141,0
DA:143,0
DA:144,0
DA:146,0
DA:149,0
DA:150,0
DA:151,0
DA:154,0
DA:155,0
DA:156,0
DA:157,0
DA:158,0
DA:161,0
DA:162,0
DA:163,0
DA:173,0
DA:180,0
DA:183,0
DA:184,0
DA:185,0
DA:186,0
DA:187,0
DA:191,0
DA:192,0
DA:193,0
DA:195,0
DA:196,0
DA:197,0
DA:200,0
DA:202,0
DA:203,0
DA:204,0
DA:207,0
DA:208,0
DA:209,0
DA:211,0
DA:212,0
DA:213,0
DA:214,0
DA:215,0
DA:216,0
DA:218,0
DA:219,0
DA:220,0
DA:221,0
DA:226,0
DA:227,0
DA:228,0
DA:229,0
DA:233,0
DA:234,0
DA:235,0
DA:236,0
DA:240,0
DA:241,0
DA:242,0
DA:243,0
DA:244,0
DA:248,0
DA:250,0
DA:255,0
DA:256,0
DA:257,0
DA:259,0
DA:264,0
DA:265,0
DA:266,0
DA:268,0
DA:272,1
LF:139
LH:4
BRDA:9,0,0,0
BRDA:9,0,1,0
BRDA:16,1,0,0
BRDA:16,1,1,0
BRDA:17,2,0,0
BRDA:17,2,1,0
BRDA:24,3,0,0
BRDA:24,3,1,0
BRDA:28,4,0,0
BRDA:28,4,1,0
BRDA:31,5,0,0
BRDA:31,5,1,0
BRDA:42,6,0,0
BRDA:42,6,1,0
BRDA:51,7,0,0
BRDA:51,7,1,0
BRDA:56,8,0,0
BRDA:56,8,1,0
BRDA:60,9,0,0
BRDA:60,9,1,0
BRDA:66,10,0,0
BRDA:66,10,1,0
BRDA:74,11,0,2
BRDA:74,11,1,0
BRDA:81,12,0,0
BRDA:81,12,1,0
BRDA:82,13,0,0
BRDA:82,13,1,0
BRDA:88,14,0,0
BRDA:88,14,1,0
BRDA:89,15,0,0
BRDA:89,15,1,0
BRDA:90,16,0,0
BRDA:90,16,1,0
BRDA:107,17,0,0
BRDA:107,17,1,0
BRDA:108,18,0,0
BRDA:108,18,1,0
BRDA:116,19,0,0
BRDA:116,19,1,0
BRDA:117,20,0,0
BRDA:117,20,1,0
BRDA:118,21,0,0
BRDA:118,21,1,0
BRDA:135,22,0,0
BRDA:135,22,1,0
BRDA:140,23,0,0
BRDA:140,23,1,0
BRDA:140,24,0,0
BRDA:140,24,1,0
BRDA:143,25,0,0
BRDA:143,25,1,0
BRDA:150,26,0,0
BRDA:150,26,1,0
BRDA:155,27,0,0
BRDA:155,27,1,0
BRDA:157,28,0,0
BRDA:157,28,1,0
BRDA:185,29,0,0
BRDA:185,29,1,0
BRDA:192,30,0,0
BRDA:192,30,1,0
BRDA:192,31,0,0
BRDA:192,31,1,0
BRDA:203,32,0,0
BRDA:203,32,1,0
BRDA:214,33,0,0
BRDA:214,33,1,0
BRDA:218,34,0,0
BRDA:218,34,1,0
BRDA:227,35,0,0
BRDA:227,35,1,0
BRDA:234,36,0,0
BRDA:234,36,1,0
BRDA:243,37,0,0
BRDA:243,37,1,0
BRF:76
BRH:1
end_of_record
TN:
SF:src/middleware/validate.js
FN:3,(anonymous_0)
FNF:1
FNH:1
FNDA:2,(anonymous_0)
DA:1,1
DA:3,1
DA:4,2
DA:5,2
DA:6,1
DA:8,1
DA:11,1
DA:17,1
DA:28,1
DA:33,1
LF:10
LH:10
BRDA:5,0,0,1
BRDA:5,0,1,1
BRF:2
BRH:2
end_of_record
TN:
SF:src/services/llmService.js
FN:9,parseLogitBias
FN:22,buildMessages
FN:39,buildPayload
FN:66,releaseQueue
FN:75,acquireQueue
FN:76,(anonymous_5)
FN:90,createLlmUnavailableError
FN:100,normalizeAsciiResponse
FN:114,chat
FN:120,(anonymous_9)
FN:121,(anonymous_10)
FN:144,streamChat
FN:156,(anonymous_12)
FN:178,ping
FN:197,listModels
FNF:15
FNH:12
FNDA:1,parseLogitBias
FNDA:1,buildMessages
FNDA:1,buildPayload
FNDA:1,releaseQueue
FNDA:1,acquireQueue
FNDA:1,(anonymous_5)
FNDA:0,createLlmUnavailableError
FNDA:1,normalizeAsciiResponse
FNDA:1,chat
FNDA:2,(anonymous_9)
FNDA:2,(anonymous_10)
FNDA:0,streamChat
FNDA:0,(anonymous_12)
FNDA:1,ping
FNDA:1,listModels
DA:1,1
DA:2,1
DA:4,1
DA:5,1
DA:6,1
DA:7,1
DA:10,1
DA:11,1
DA:14,0
DA:15,0
DA:16,0
DA:18,0
DA:23,1
DA:27,1
DA:31,1
DA:32,0
DA:35,1
DA:36,1
DA:40,1
DA:42,1
DA:57,1
DA:62,1
DA:63,1
DA:64,1
DA:67,1
DA:68,0
DA:69,0
DA:71,1
DA:76,1
DA:77,1
DA:78,1
DA:79,1
DA:80,0
DA:81,0
DA:82,0
DA:83,0
DA:85,0
DA:91,0
DA:92,0
DA:93,0
DA:95,0
DA:97,0
DA:101,1
DA:102,1
DA:107,1
DA:108,1
DA:111,0
DA:115,1
DA:116,1
DA:119,1
DA:120,2
DA:121,2
DA:122,1
DA:124,1
DA:125,1
DA:126,1
DA:127,1
DA:130,1
DA:132,1
DA:138,0
DA:140,1
DA:145,0
DA:147,0
DA:148,0
DA:149,0
DA:153,0
DA:155,0
DA:156,0
DA:157,0
DA:158,0
DA:159,0
DA:163,0
DA:164,0
DA:165,0
DA:167,0
DA:168,0
DA:171,0
DA:173,0
DA:174,0
DA:179,1
DA:180,1
DA:181,1
DA:182,1
DA:183,1
DA:189,0
DA:198,1
DA:199,1
DA:200,1
DA:202,0
DA:206,1
LF:90
LH:51
BRDA:10,0,0,1
BRDA:10,0,1,0
BRDA:16,1,0,0
BRDA:16,1,1,0
BRDA:16,2,0,0
BRDA:16,2,1,0
BRDA:22,3,0,0
BRDA:24,4,0,1
BRDA:24,4,1,1
BRDA:24,4,2,1
BRDA:31,5,0,0
BRDA:31,5,1,1
BRDA:31,6,0,1
BRDA:31,6,1,0
BRDA:39,7,0,0
BRDA:39,8,0,0
BRDA:43,9,0,1
BRDA:43,9,1,0
BRDA:45,10,0,1
BRDA:45,10,1,1
BRDA:46,11,0,1
BRDA:46,11,1,1
BRDA:47,12,0,1
BRDA:47,12,1,1
BRDA:48,13,0,1
BRDA:48,13,1,1
BRDA:49,14,0,1
BRDA:49,14,1,1
BRDA:50,15,0,1
BRDA:50,15,1,1
BRDA:51,16,0,1
BRDA:51,16,1,1
BRDA:53,17,0,0
BRDA:53,17,1,1
BRDA:67,18,0,0
BRDA:67,18,1,1
BRDA:77,19,0,1
BRDA:77,19,1,0
BRDA:80,20,0,0
BRDA:80,20,1,0
BRDA:92,21,0,0
BRDA:92,21,1,0
BRDA:95,22,0,0
BRDA:95,22,1,0
BRDA:101,23,0,1
BRDA:101,23,1,0
BRDA:107,24,0,1
BRDA:107,24,1,0
BRDA:114,25,0,1
BRDA:114,26,0,1
BRDA:126,27,0,0
BRDA:126,27,1,1
BRDA:127,28,0,0
BRDA:127,28,1,1
BRDA:130,29,0,1
BRDA:130,29,1,0
BRDA:134,30,0,1
BRDA:134,30,1,0
BRDA:144,31,0,0
BRDA:144,32,0,0
BRDA:151,33,0,0
BRDA:151,33,1,0
BRDA:157,34,0,0
BRDA:157,34,1,0
BRDA:167,35,0,0
BRDA:167,35,1,0
BRDA:182,36,0,1
BRDA:182,36,1,0
BRDA:200,37,0,1
BRDA:200,37,1,0
BRF:70
BRH:34
end_of_record
TN:
SF:src/services/sttService.js
FN:11,runWhisper
FN:12,(anonymous_1)
FN:17,(anonymous_2)
FN:22,(anonymous_3)
FN:26,(anonymous_4)
FN:31,(anonymous_5)
FN:48,transcribe
FN:71,ping
FNF:8
FNH:5
FNDA:2,runWhisper
FNDA:2,(anonymous_1)
FNDA:0,(anonymous_2)
FNDA:0,(anonymous_3)
FNDA:0,(anonymous_4)
FNDA:2,(anonymous_5)
FNDA:2,transcribe
FNDA:1,ping
DA:1,1
DA:2,1
DA:3,1
DA:4,1
DA:5,1
DA:6,1
DA:8,1
DA:9,1
DA:12,2
DA:13,2
DA:14,2
DA:15,2
DA:17,2
DA:18,0
DA:19,0
DA:22,2
DA:23,0
DA:26,2
DA:27,0
DA:28,0
DA:31,2
DA:32,2
DA:33,2
DA:34,0
DA:35,0
DA:38,2
DA:39,1
DA:40,1
DA:43,1
DA:49,2
DA:50,2
DA:51,2
DA:53,2
DA:55,2
DA:56,2
DA:61,1
DA:62,1
DA:64,2
DA:72,1
DA:73,1
DA:75,1
DA:82,1
LF:42
LH:35
BRDA:8,0,0,1
BRDA:8,0,1,0
BRDA:8,0,2,0
BRDA:9,1,0,1
BRDA:9,1,1,0
BRDA:9,1,2,0
BRDA:33,2,0,0
BRDA:33,2,1,2
BRDA:38,3,0,1
BRDA:38,3,1,1
BRDA:76,4,0,1
BRDA:76,4,1,1
BRF:12
BRH:7
end_of_record
TN:
SF:src/services/ttsService.js
FN:11,resolveVoicePath
FN:24,runPiper
FN:25,(anonymous_2)
FN:30,(anonymous_3)
FN:35,(anonymous_4)
FN:39,(anonymous_5)
FN:44,(anonymous_6)
FN:64,synthesize
FN:80,(anonymous_8)
FN:84,ping
FNF:10
FNH:6
FNDA:4,resolveVoicePath
FNDA:3,runPiper
FNDA:3,(anonymous_2)
FNDA:0,(anonymous_3)
FNDA:0,(anonymous_4)
FNDA:0,(anonymous_5)
FNDA:3,(anonymous_6)
FNDA:3,synthesize
FNDA:0,(anonymous_8)
FNDA:1,ping
DA:1,1
DA:2,1
DA:3,1
DA:4,1
DA:5,1
DA:6,1
DA:8,1
DA:9,1
DA:12,4
DA:13,4
DA:16,0
DA:17,0
DA:20,0
DA:21,0
DA:25,3
DA:26,3
DA:27,3
DA:28,3
DA:30,3
DA:31,0
DA:32,0
DA:35,3
DA:36,0
DA:39,3
DA:40,0
DA:41,0
DA:44,3
DA:45,3
DA:46,3
DA:47,0
DA:48,0
DA:51,3
DA:52,1
DA:53,1
DA:56,2
DA:59,3
DA:60,3
DA:65,3
DA:66,3
DA:68,3
DA:70,3
DA:71,3
DA:72,2
DA:74,2
DA:75,1
DA:78,1
DA:80,3
DA:85,1
DA:86,1
DA:87,1
DA:88,1
DA:90,1
DA:98,1
LF:53
LH:42
BRDA:8,0,0,1
BRDA:8,0,1,0
BRDA:8,0,2,0
BRDA:9,1,0,1
BRDA:9,1,1,0
BRDA:9,1,2,0
BRDA:12,2,0,4
BRDA:12,2,1,0
BRDA:16,3,0,0
BRDA:16,3,1,0
BRDA:16,4,0,0
BRDA:16,4,1,0
BRDA:20,5,0,0
BRDA:20,5,1,0
BRDA:20,5,2,0
BRDA:46,6,0,0
BRDA:46,6,1,3
BRDA:51,7,0,1
BRDA:51,7,1,2
BRDA:74,8,0,1
BRDA:74,8,1,1
BRDA:91,9,0,1
BRDA:91,9,1,1
BRDA:91,9,2,1
BRF:24
BRH:11
end_of_record
